mode: set
github.com/tkeel-io/collectjs/pkg/json/jsonparser/bytes.go:11.63,12.21 1 1
github.com/tkeel-io/collectjs/pkg/json/jsonparser/bytes.go:16.2,17.21 2 1
github.com/tkeel-io/collectjs/pkg/json/jsonparser/bytes.go:22.2,23.26 2 1
github.com/tkeel-io/collectjs/pkg/json/jsonparser/bytes.go:35.2,35.14 1 1
github.com/tkeel-io/collectjs/pkg/json/jsonparser/bytes.go:42.2,42.9 1 1
github.com/tkeel-io/collectjs/pkg/json/jsonparser/bytes.go:12.21,14.3 1 1
github.com/tkeel-io/collectjs/pkg/json/jsonparser/bytes.go:17.21,20.3 2 1
github.com/tkeel-io/collectjs/pkg/json/jsonparser/bytes.go:23.26,24.27 1 1
github.com/tkeel-io/collectjs/pkg/json/jsonparser/bytes.go:29.3,29.35 1 1
github.com/tkeel-io/collectjs/pkg/json/jsonparser/bytes.go:32.3,32.8 1 1
github.com/tkeel-io/collectjs/pkg/json/jsonparser/bytes.go:24.27,26.4 1 1
github.com/tkeel-io/collectjs/pkg/json/jsonparser/bytes.go:26.9,28.4 1 1
github.com/tkeel-io/collectjs/pkg/json/jsonparser/bytes.go:29.35,30.9 1 1
github.com/tkeel-io/collectjs/pkg/json/jsonparser/bytes.go:35.14,36.48 1 1
github.com/tkeel-io/collectjs/pkg/json/jsonparser/bytes.go:39.3,39.24 1 1
github.com/tkeel-io/collectjs/pkg/json/jsonparser/bytes.go:36.48,38.4 1 1
github.com/tkeel-io/collectjs/pkg/json/jsonparser/bytes.go:42.9,44.3 1 1
github.com/tkeel-io/collectjs/pkg/json/jsonparser/bytes.go:44.8,46.3 1 1
github.com/tkeel-io/collectjs/pkg/json/jsonparser/bytes_unsafe.go:20.41,22.2 1 1
github.com/tkeel-io/collectjs/pkg/json/jsonparser/bytes_unsafe.go:24.45,26.2 1 1
github.com/tkeel-io/collectjs/pkg/json/jsonparser/bytes_unsafe.go:30.38,32.2 1 1
github.com/tkeel-io/collectjs/pkg/json/jsonparser/bytes_unsafe.go:34.37,42.2 3 1
github.com/tkeel-io/collectjs/pkg/json/jsonparser/escape.go:17.50,19.2 1 1
github.com/tkeel-io/collectjs/pkg/json/jsonparser/escape.go:23.22,24.9 1 1
github.com/tkeel-io/collectjs/pkg/json/jsonparser/escape.go:32.2,32.15 1 1
github.com/tkeel-io/collectjs/pkg/json/jsonparser/escape.go:25.28,26.22 1 1
github.com/tkeel-io/collectjs/pkg/json/jsonparser/escape.go:27.28,28.27 1 1
github.com/tkeel-io/collectjs/pkg/json/jsonparser/escape.go:29.28,30.27 1 1
github.com/tkeel-io/collectjs/pkg/json/jsonparser/escape.go:39.56,41.17 1 1
github.com/tkeel-io/collectjs/pkg/json/jsonparser/escape.go:46.2,47.66 2 1
github.com/tkeel-io/collectjs/pkg/json/jsonparser/escape.go:52.2,52.48 1 1
github.com/tkeel-io/collectjs/pkg/json/jsonparser/escape.go:41.17,43.3 1 1
github.com/tkeel-io/collectjs/pkg/json/jsonparser/escape.go:47.66,49.3 1 1
github.com/tkeel-io/collectjs/pkg/json/jsonparser/escape.go:58.38,60.2 1 1
github.com/tkeel-io/collectjs/pkg/json/jsonparser/escape.go:62.49,63.49 1 1
github.com/tkeel-io/collectjs/pkg/json/jsonparser/escape.go:63.49,66.3 1 1
github.com/tkeel-io/collectjs/pkg/json/jsonparser/escape.go:66.8,66.72 1 1
github.com/tkeel-io/collectjs/pkg/json/jsonparser/escape.go:66.72,69.3 1 1
github.com/tkeel-io/collectjs/pkg/json/jsonparser/escape.go:69.8,69.61 1 1
github.com/tkeel-io/collectjs/pkg/json/jsonparser/escape.go:69.61,72.3 1 1
github.com/tkeel-io/collectjs/pkg/json/jsonparser/escape.go:72.8,72.36 1 1
github.com/tkeel-io/collectjs/pkg/json/jsonparser/escape.go:72.36,75.3 1 1
github.com/tkeel-io/collectjs/pkg/json/jsonparser/escape.go:75.8,78.3 1 1
github.com/tkeel-io/collectjs/pkg/json/jsonparser/escape.go:96.61,97.34 1 1
github.com/tkeel-io/collectjs/pkg/json/jsonparser/escape.go:103.2,103.23 1 1
github.com/tkeel-io/collectjs/pkg/json/jsonparser/escape.go:120.2,120.15 1 1
github.com/tkeel-io/collectjs/pkg/json/jsonparser/escape.go:97.34,100.3 1 1
github.com/tkeel-io/collectjs/pkg/json/jsonparser/escape.go:104.47,107.14 2 1
github.com/tkeel-io/collectjs/pkg/json/jsonparser/escape.go:108.11,110.55 1 1
github.com/tkeel-io/collectjs/pkg/json/jsonparser/escape.go:110.55,113.4 1 1
github.com/tkeel-io/collectjs/pkg/json/jsonparser/escape.go:113.9,117.4 2 1
github.com/tkeel-io/collectjs/pkg/json/jsonparser/escape.go:130.47,132.26 2 1
github.com/tkeel-io/collectjs/pkg/json/jsonparser/escape.go:137.2,137.24 1 1
github.com/tkeel-io/collectjs/pkg/json/jsonparser/escape.go:144.2,148.18 4 1
github.com/tkeel-io/collectjs/pkg/json/jsonparser/escape.go:172.2,172.37 1 1
github.com/tkeel-io/collectjs/pkg/json/jsonparser/escape.go:132.26,134.3 1 1
github.com/tkeel-io/collectjs/pkg/json/jsonparser/escape.go:137.24,139.3 1 1
github.com/tkeel-io/collectjs/pkg/json/jsonparser/escape.go:139.8,141.3 1 1
github.com/tkeel-io/collectjs/pkg/json/jsonparser/escape.go:148.18,151.18 2 1
github.com/tkeel-io/collectjs/pkg/json/jsonparser/escape.go:155.3,160.26 4 1
github.com/tkeel-io/collectjs/pkg/json/jsonparser/escape.go:151.18,153.4 1 1
github.com/tkeel-io/collectjs/pkg/json/jsonparser/escape.go:160.26,163.9 3 1
github.com/tkeel-io/collectjs/pkg/json/jsonparser/escape.go:164.9,168.4 3 1
github.com/tkeel-io/collectjs/pkg/json/jsonparser/parser.go:28.32,29.25 1 1
github.com/tkeel-io/collectjs/pkg/json/jsonparser/parser.go:36.2,36.18 1 1
github.com/tkeel-io/collectjs/pkg/json/jsonparser/parser.go:29.25,30.12 1 1
github.com/tkeel-io/collectjs/pkg/json/jsonparser/parser.go:31.45,32.12 1 1
github.com/tkeel-io/collectjs/pkg/json/jsonparser/parser.go:39.50,40.38 1 1
github.com/tkeel-io/collectjs/pkg/json/jsonparser/parser.go:49.2,49.10 1 0
github.com/tkeel-io/collectjs/pkg/json/jsonparser/parser.go:40.38,41.18 1 1
github.com/tkeel-io/collectjs/pkg/json/jsonparser/parser.go:42.14,43.12 1 1
github.com/tkeel-io/collectjs/pkg/json/jsonparser/parser.go:44.17,45.12 1 1
github.com/tkeel-io/collectjs/pkg/json/jsonparser/parser.go:52.57,55.50 3 1
github.com/tkeel-io/collectjs/pkg/json/jsonparser/parser.go:58.2,60.70 2 1
github.com/tkeel-io/collectjs/pkg/json/jsonparser/parser.go:64.2,64.13 1 1
github.com/tkeel-io/collectjs/pkg/json/jsonparser/parser.go:108.2,108.33 1 1
github.com/tkeel-io/collectjs/pkg/json/jsonparser/parser.go:55.50,57.3 1 1
github.com/tkeel-io/collectjs/pkg/json/jsonparser/parser.go:60.70,62.3 1 1
github.com/tkeel-io/collectjs/pkg/json/jsonparser/parser.go:64.13,65.18 1 1
github.com/tkeel-io/collectjs/pkg/json/jsonparser/parser.go:105.3,105.6 1 1
github.com/tkeel-io/collectjs/pkg/json/jsonparser/parser.go:66.12,71.20 4 1
github.com/tkeel-io/collectjs/pkg/json/jsonparser/parser.go:74.4,78.25 4 1
github.com/tkeel-io/collectjs/pkg/json/jsonparser/parser.go:82.4,88.18 3 1
github.com/tkeel-io/collectjs/pkg/json/jsonparser/parser.go:96.4,96.72 1 1
github.com/tkeel-io/collectjs/pkg/json/jsonparser/parser.go:100.12,101.44 1 1
github.com/tkeel-io/collectjs/pkg/json/jsonparser/parser.go:102.12,103.44 1 1
github.com/tkeel-io/collectjs/pkg/json/jsonparser/parser.go:71.20,72.10 1 0
github.com/tkeel-io/collectjs/pkg/json/jsonparser/parser.go:78.25,79.10 1 0
github.com/tkeel-io/collectjs/pkg/json/jsonparser/parser.go:88.18,89.56 1 0
github.com/tkeel-io/collectjs/pkg/json/jsonparser/parser.go:89.56,90.11 1 0
github.com/tkeel-io/collectjs/pkg/json/jsonparser/parser.go:91.11,93.6 1 0
github.com/tkeel-io/collectjs/pkg/json/jsonparser/parser.go:96.72,98.5 1 1
github.com/tkeel-io/collectjs/pkg/json/jsonparser/parser.go:111.34,112.38 1 0
github.com/tkeel-io/collectjs/pkg/json/jsonparser/parser.go:119.2,119.10 1 0
github.com/tkeel-io/collectjs/pkg/json/jsonparser/parser.go:112.38,113.18 1 0
github.com/tkeel-io/collectjs/pkg/json/jsonparser/parser.go:114.40,115.12 1 0
github.com/tkeel-io/collectjs/pkg/json/jsonparser/parser.go:123.33,124.25 1 1
github.com/tkeel-io/collectjs/pkg/json/jsonparser/parser.go:133.2,133.11 1 1
github.com/tkeel-io/collectjs/pkg/json/jsonparser/parser.go:124.25,125.12 1 1
github.com/tkeel-io/collectjs/pkg/json/jsonparser/parser.go:126.30,127.12 1 1
github.com/tkeel-io/collectjs/pkg/json/jsonparser/parser.go:128.11,129.12 1 1
github.com/tkeel-io/collectjs/pkg/json/jsonparser/parser.go:137.33,138.38 1 1
github.com/tkeel-io/collectjs/pkg/json/jsonparser/parser.go:147.2,147.11 1 0
github.com/tkeel-io/collectjs/pkg/json/jsonparser/parser.go:138.38,139.18 1 1
github.com/tkeel-io/collectjs/pkg/json/jsonparser/parser.go:140.30,141.12 1 1
github.com/tkeel-io/collectjs/pkg/json/jsonparser/parser.go:142.11,143.12 1 1
github.com/tkeel-io/collectjs/pkg/json/jsonparser/parser.go:152.41,154.25 2 1
github.com/tkeel-io/collectjs/pkg/json/jsonparser/parser.go:177.2,177.20 1 1
github.com/tkeel-io/collectjs/pkg/json/jsonparser/parser.go:154.25,155.15 1 1
github.com/tkeel-io/collectjs/pkg/json/jsonparser/parser.go:155.15,156.16 1 1
github.com/tkeel-io/collectjs/pkg/json/jsonparser/parser.go:156.16,158.5 1 1
github.com/tkeel-io/collectjs/pkg/json/jsonparser/parser.go:158.10,160.9 2 1
github.com/tkeel-io/collectjs/pkg/json/jsonparser/parser.go:160.9,161.34 1 1
github.com/tkeel-io/collectjs/pkg/json/jsonparser/parser.go:164.6,165.34 2 1
github.com/tkeel-io/collectjs/pkg/json/jsonparser/parser.go:168.6,168.9 1 1
github.com/tkeel-io/collectjs/pkg/json/jsonparser/parser.go:161.34,163.7 1 1
github.com/tkeel-io/collectjs/pkg/json/jsonparser/parser.go:165.34,166.12 1 1
github.com/tkeel-io/collectjs/pkg/json/jsonparser/parser.go:172.9,172.23 1 1
github.com/tkeel-io/collectjs/pkg/json/jsonparser/parser.go:172.23,174.4 1 1
github.com/tkeel-io/collectjs/pkg/json/jsonparser/parser.go:182.61,187.13 4 1
github.com/tkeel-io/collectjs/pkg/json/jsonparser/parser.go:208.2,208.11 1 1
github.com/tkeel-io/collectjs/pkg/json/jsonparser/parser.go:187.13,188.18 1 1
github.com/tkeel-io/collectjs/pkg/json/jsonparser/parser.go:205.3,205.6 1 1
github.com/tkeel-io/collectjs/pkg/json/jsonparser/parser.go:189.12,191.16 2 1
github.com/tkeel-io/collectjs/pkg/json/jsonparser/parser.go:194.4,194.11 1 1
github.com/tkeel-io/collectjs/pkg/json/jsonparser/parser.go:195.16,196.11 1 1
github.com/tkeel-io/collectjs/pkg/json/jsonparser/parser.go:197.17,201.18 2 1
github.com/tkeel-io/collectjs/pkg/json/jsonparser/parser.go:191.16,193.5 1 0
github.com/tkeel-io/collectjs/pkg/json/jsonparser/parser.go:201.18,203.5 1 1
github.com/tkeel-io/collectjs/pkg/json/jsonparser/parser.go:211.50,219.13 7 1
github.com/tkeel-io/collectjs/pkg/json/jsonparser/parser.go:223.2,225.13 2 1
github.com/tkeel-io/collectjs/pkg/json/jsonparser/parser.go:342.2,342.11 1 1
github.com/tkeel-io/collectjs/pkg/json/jsonparser/parser.go:219.13,221.3 1 1
github.com/tkeel-io/collectjs/pkg/json/jsonparser/parser.go:225.13,226.18 1 1
github.com/tkeel-io/collectjs/pkg/json/jsonparser/parser.go:339.3,339.6 1 1
github.com/tkeel-io/collectjs/pkg/json/jsonparser/parser.go:227.12,232.20 4 1
github.com/tkeel-io/collectjs/pkg/json/jsonparser/parser.go:235.4,239.25 4 1
github.com/tkeel-io/collectjs/pkg/json/jsonparser/parser.go:243.4,246.22 2 1
github.com/tkeel-io/collectjs/pkg/json/jsonparser/parser.go:281.12,285.20 1 1
github.com/tkeel-io/collectjs/pkg/json/jsonparser/parser.go:291.12,293.25 2 1
github.com/tkeel-io/collectjs/pkg/json/jsonparser/parser.go:296.12,298.50 1 1
github.com/tkeel-io/collectjs/pkg/json/jsonparser/parser.go:232.20,234.5 1 0
github.com/tkeel-io/collectjs/pkg/json/jsonparser/parser.go:239.25,241.5 1 0
github.com/tkeel-io/collectjs/pkg/json/jsonparser/parser.go:246.22,247.18 1 1
github.com/tkeel-io/collectjs/pkg/json/jsonparser/parser.go:251.5,256.20 3 1
github.com/tkeel-io/collectjs/pkg/json/jsonparser/parser.go:264.5,264.43 1 1
github.com/tkeel-io/collectjs/pkg/json/jsonparser/parser.go:247.18,249.6 1 1
github.com/tkeel-io/collectjs/pkg/json/jsonparser/parser.go:256.20,258.6 1 1
github.com/tkeel-io/collectjs/pkg/json/jsonparser/parser.go:258.11,258.65 1 1
github.com/tkeel-io/collectjs/pkg/json/jsonparser/parser.go:258.65,260.6 1 0
github.com/tkeel-io/collectjs/pkg/json/jsonparser/parser.go:260.11,262.6 1 1
github.com/tkeel-io/collectjs/pkg/json/jsonparser/parser.go:264.43,268.29 2 1
github.com/tkeel-io/collectjs/pkg/json/jsonparser/parser.go:268.29,271.25 2 1
github.com/tkeel-io/collectjs/pkg/json/jsonparser/parser.go:271.25,273.8 1 1
github.com/tkeel-io/collectjs/pkg/json/jsonparser/parser.go:275.11,277.6 1 1
github.com/tkeel-io/collectjs/pkg/json/jsonparser/parser.go:278.10,280.5 1 1
github.com/tkeel-io/collectjs/pkg/json/jsonparser/parser.go:285.20,288.5 2 1
github.com/tkeel-io/collectjs/pkg/json/jsonparser/parser.go:288.10,290.5 1 1
github.com/tkeel-io/collectjs/pkg/json/jsonparser/parser.go:293.25,295.5 1 1
github.com/tkeel-io/collectjs/pkg/json/jsonparser/parser.go:298.50,300.19 2 1
github.com/tkeel-io/collectjs/pkg/json/jsonparser/parser.go:303.5,307.82 5 1
github.com/tkeel-io/collectjs/pkg/json/jsonparser/parser.go:320.5,320.26 1 1
github.com/tkeel-io/collectjs/pkg/json/jsonparser/parser.go:300.19,302.6 1 0
github.com/tkeel-io/collectjs/pkg/json/jsonparser/parser.go:307.82,308.24 1 1
github.com/tkeel-io/collectjs/pkg/json/jsonparser/parser.go:316.6,317.16 2 1
github.com/tkeel-io/collectjs/pkg/json/jsonparser/parser.go:308.24,311.29 3 1
github.com/tkeel-io/collectjs/pkg/json/jsonparser/parser.go:311.29,314.8 2 1
github.com/tkeel-io/collectjs/pkg/json/jsonparser/parser.go:320.26,322.6 1 1
github.com/tkeel-io/collectjs/pkg/json/jsonparser/parser.go:322.11,324.22 2 1
github.com/tkeel-io/collectjs/pkg/json/jsonparser/parser.go:327.6,327.39 1 1
github.com/tkeel-io/collectjs/pkg/json/jsonparser/parser.go:324.22,326.7 1 1
github.com/tkeel-io/collectjs/pkg/json/jsonparser/parser.go:329.10,331.67 1 1
github.com/tkeel-io/collectjs/pkg/json/jsonparser/parser.go:331.67,333.6 1 1
github.com/tkeel-io/collectjs/pkg/json/jsonparser/parser.go:333.11,335.6 1 1
github.com/tkeel-io/collectjs/pkg/json/jsonparser/parser.go:347.13,348.26 1 1
github.com/tkeel-io/collectjs/pkg/json/jsonparser/parser.go:348.26,350.3 1 1
github.com/tkeel-io/collectjs/pkg/json/jsonparser/parser.go:353.37,355.22 2 1
github.com/tkeel-io/collectjs/pkg/json/jsonparser/parser.go:359.2,359.37 1 1
github.com/tkeel-io/collectjs/pkg/json/jsonparser/parser.go:365.2,365.13 1 1
github.com/tkeel-io/collectjs/pkg/json/jsonparser/parser.go:355.22,357.3 1 1
github.com/tkeel-io/collectjs/pkg/json/jsonparser/parser.go:359.37,360.22 1 1
github.com/tkeel-io/collectjs/pkg/json/jsonparser/parser.go:360.22,362.4 1 1
github.com/tkeel-io/collectjs/pkg/json/jsonparser/parser.go:368.90,374.26 5 1
github.com/tkeel-io/collectjs/pkg/json/jsonparser/parser.go:380.2,383.13 3 1
github.com/tkeel-io/collectjs/pkg/json/jsonparser/parser.go:545.2,545.11 1 1
github.com/tkeel-io/collectjs/pkg/json/jsonparser/parser.go:374.26,375.23 1 1
github.com/tkeel-io/collectjs/pkg/json/jsonparser/parser.go:375.23,377.4 1 1
github.com/tkeel-io/collectjs/pkg/json/jsonparser/parser.go:383.13,384.18 1 1
github.com/tkeel-io/collectjs/pkg/json/jsonparser/parser.go:542.3,542.6 1 1
github.com/tkeel-io/collectjs/pkg/json/jsonparser/parser.go:385.12,390.20 4 1
github.com/tkeel-io/collectjs/pkg/json/jsonparser/parser.go:393.4,398.25 4 1
github.com/tkeel-io/collectjs/pkg/json/jsonparser/parser.go:402.4,405.22 2 1
github.com/tkeel-io/collectjs/pkg/json/jsonparser/parser.go:473.12,474.11 1 1
github.com/tkeel-io/collectjs/pkg/json/jsonparser/parser.go:475.12,476.11 1 1
github.com/tkeel-io/collectjs/pkg/json/jsonparser/parser.go:477.12,481.17 3 1
github.com/tkeel-io/collectjs/pkg/json/jsonparser/parser.go:486.4,486.29 1 1
github.com/tkeel-io/collectjs/pkg/json/jsonparser/parser.go:496.4,496.23 1 1
github.com/tkeel-io/collectjs/pkg/json/jsonparser/parser.go:538.12,539.11 1 1
github.com/tkeel-io/collectjs/pkg/json/jsonparser/parser.go:390.20,392.5 1 0
github.com/tkeel-io/collectjs/pkg/json/jsonparser/parser.go:398.25,400.5 1 0
github.com/tkeel-io/collectjs/pkg/json/jsonparser/parser.go:405.22,412.20 4 1
github.com/tkeel-io/collectjs/pkg/json/jsonparser/parser.go:420.5,420.25 1 1
github.com/tkeel-io/collectjs/pkg/json/jsonparser/parser.go:454.5,454.20 1 1
github.com/tkeel-io/collectjs/pkg/json/jsonparser/parser.go:464.5,464.15 1 1
github.com/tkeel-io/collectjs/pkg/json/jsonparser/parser.go:412.20,414.6 1 1
github.com/tkeel-io/collectjs/pkg/json/jsonparser/parser.go:414.11,414.65 1 0
github.com/tkeel-io/collectjs/pkg/json/jsonparser/parser.go:414.65,416.6 1 0
github.com/tkeel-io/collectjs/pkg/json/jsonparser/parser.go:416.11,418.6 1 0
github.com/tkeel-io/collectjs/pkg/json/jsonparser/parser.go:420.25,421.19 1 1
github.com/tkeel-io/collectjs/pkg/json/jsonparser/parser.go:426.6,427.31 2 1
github.com/tkeel-io/collectjs/pkg/json/jsonparser/parser.go:449.6,449.36 1 1
github.com/tkeel-io/collectjs/pkg/json/jsonparser/parser.go:421.19,424.7 2 1
github.com/tkeel-io/collectjs/pkg/json/jsonparser/parser.go:427.31,428.133 1 1
github.com/tkeel-io/collectjs/pkg/json/jsonparser/parser.go:432.7,441.19 7 1
github.com/tkeel-io/collectjs/pkg/json/jsonparser/parser.go:445.7,445.37 1 1
github.com/tkeel-io/collectjs/pkg/json/jsonparser/parser.go:428.133,429.16 1 1
github.com/tkeel-io/collectjs/pkg/json/jsonparser/parser.go:441.19,443.8 1 1
github.com/tkeel-io/collectjs/pkg/json/jsonparser/parser.go:445.37,446.13 1 0
github.com/tkeel-io/collectjs/pkg/json/jsonparser/parser.go:449.36,451.7 1 0
github.com/tkeel-io/collectjs/pkg/json/jsonparser/parser.go:454.20,458.24 3 1
github.com/tkeel-io/collectjs/pkg/json/jsonparser/parser.go:458.24,461.7 2 0
github.com/tkeel-io/collectjs/pkg/json/jsonparser/parser.go:464.15,465.21 1 1
github.com/tkeel-io/collectjs/pkg/json/jsonparser/parser.go:466.30,467.10 1 1
github.com/tkeel-io/collectjs/pkg/json/jsonparser/parser.go:470.10,472.5 1 1
github.com/tkeel-io/collectjs/pkg/json/jsonparser/parser.go:481.17,484.5 2 0
github.com/tkeel-io/collectjs/pkg/json/jsonparser/parser.go:486.29,487.118 1 1
github.com/tkeel-io/collectjs/pkg/json/jsonparser/parser.go:491.5,493.36 3 1
github.com/tkeel-io/collectjs/pkg/json/jsonparser/parser.go:487.118,488.14 1 1
github.com/tkeel-io/collectjs/pkg/json/jsonparser/parser.go:496.23,500.95 3 1
github.com/tkeel-io/collectjs/pkg/json/jsonparser/parser.go:525.5,525.35 1 1
github.com/tkeel-io/collectjs/pkg/json/jsonparser/parser.go:529.5,529.20 1 1
github.com/tkeel-io/collectjs/pkg/json/jsonparser/parser.go:500.95,501.49 1 1
github.com/tkeel-io/collectjs/pkg/json/jsonparser/parser.go:521.6,522.16 2 1
github.com/tkeel-io/collectjs/pkg/json/jsonparser/parser.go:501.49,502.32 1 1
github.com/tkeel-io/collectjs/pkg/json/jsonparser/parser.go:502.32,503.45 1 1
github.com/tkeel-io/collectjs/pkg/json/jsonparser/parser.go:503.45,506.27 2 1
github.com/tkeel-io/collectjs/pkg/json/jsonparser/parser.go:506.27,512.22 4 1
github.com/tkeel-io/collectjs/pkg/json/jsonparser/parser.go:512.22,515.11 2 1
github.com/tkeel-io/collectjs/pkg/json/jsonparser/parser.go:525.35,527.6 1 0
github.com/tkeel-io/collectjs/pkg/json/jsonparser/parser.go:530.10,532.67 1 0
github.com/tkeel-io/collectjs/pkg/json/jsonparser/parser.go:532.67,534.6 1 0
github.com/tkeel-io/collectjs/pkg/json/jsonparser/parser.go:534.11,536.6 1 0
github.com/tkeel-io/collectjs/pkg/json/jsonparser/parser.go:562.37,563.12 1 0
github.com/tkeel-io/collectjs/pkg/json/jsonparser/parser.go:564.16,565.24 1 0
github.com/tkeel-io/collectjs/pkg/json/jsonparser/parser.go:566.14,567.18 1 0
github.com/tkeel-io/collectjs/pkg/json/jsonparser/parser.go:568.14,569.18 1 0
github.com/tkeel-io/collectjs/pkg/json/jsonparser/parser.go:570.14,571.18 1 0
github.com/tkeel-io/collectjs/pkg/json/jsonparser/parser.go:572.13,573.17 1 0
github.com/tkeel-io/collectjs/pkg/json/jsonparser/parser.go:574.15,575.19 1 0
github.com/tkeel-io/collectjs/pkg/json/jsonparser/parser.go:576.12,577.16 1 0
github.com/tkeel-io/collectjs/pkg/json/jsonparser/parser.go:578.10,579.19 1 0
github.com/tkeel-io/collectjs/pkg/json/jsonparser/parser.go:589.87,593.11 4 1
github.com/tkeel-io/collectjs/pkg/json/jsonparser/parser.go:596.2,596.13 1 1
github.com/tkeel-io/collectjs/pkg/json/jsonparser/parser.go:612.2,612.33 1 1
github.com/tkeel-io/collectjs/pkg/json/jsonparser/parser.go:625.2,626.37 2 1
github.com/tkeel-io/collectjs/pkg/json/jsonparser/parser.go:633.2,633.13 1 1
github.com/tkeel-io/collectjs/pkg/json/jsonparser/parser.go:636.2,636.24 1 1
github.com/tkeel-io/collectjs/pkg/json/jsonparser/parser.go:639.2,639.23 1 1
github.com/tkeel-io/collectjs/pkg/json/jsonparser/parser.go:593.11,595.3 1 1
github.com/tkeel-io/collectjs/pkg/json/jsonparser/parser.go:596.13,598.3 1 1
github.com/tkeel-io/collectjs/pkg/json/jsonparser/parser.go:598.8,599.13 1 1
github.com/tkeel-io/collectjs/pkg/json/jsonparser/parser.go:602.3,602.15 1 1
github.com/tkeel-io/collectjs/pkg/json/jsonparser/parser.go:599.13,601.4 1 1
github.com/tkeel-io/collectjs/pkg/json/jsonparser/parser.go:602.15,605.4 2 0
github.com/tkeel-io/collectjs/pkg/json/jsonparser/parser.go:605.9,609.4 3 1
github.com/tkeel-io/collectjs/pkg/json/jsonparser/parser.go:612.33,613.32 1 0
github.com/tkeel-io/collectjs/pkg/json/jsonparser/parser.go:613.32,615.16 2 0
github.com/tkeel-io/collectjs/pkg/json/jsonparser/parser.go:615.16,618.5 2 0
github.com/tkeel-io/collectjs/pkg/json/jsonparser/parser.go:618.10,622.5 3 0
github.com/tkeel-io/collectjs/pkg/json/jsonparser/parser.go:626.37,627.32 1 0
github.com/tkeel-io/collectjs/pkg/json/jsonparser/parser.go:627.32,629.4 1 0
github.com/tkeel-io/collectjs/pkg/json/jsonparser/parser.go:629.9,631.4 1 0
github.com/tkeel-io/collectjs/pkg/json/jsonparser/parser.go:633.13,635.3 1 1
github.com/tkeel-io/collectjs/pkg/json/jsonparser/parser.go:636.24,638.3 1 1
github.com/tkeel-io/collectjs/pkg/json/jsonparser/parser.go:650.49,652.13 2 1
github.com/tkeel-io/collectjs/pkg/json/jsonparser/parser.go:656.2,657.57 2 1
github.com/tkeel-io/collectjs/pkg/json/jsonparser/parser.go:661.2,664.12 4 1
github.com/tkeel-io/collectjs/pkg/json/jsonparser/parser.go:709.2,713.109 4 1
github.com/tkeel-io/collectjs/pkg/json/jsonparser/parser.go:719.2,720.13 2 1
github.com/tkeel-io/collectjs/pkg/json/jsonparser/parser.go:652.13,654.3 1 1
github.com/tkeel-io/collectjs/pkg/json/jsonparser/parser.go:657.57,659.3 1 1
github.com/tkeel-io/collectjs/pkg/json/jsonparser/parser.go:664.12,665.20 1 1
github.com/tkeel-io/collectjs/pkg/json/jsonparser/parser.go:673.3,674.34 2 1
github.com/tkeel-io/collectjs/pkg/json/jsonparser/parser.go:678.3,684.39 6 1
github.com/tkeel-io/collectjs/pkg/json/jsonparser/parser.go:665.20,667.35 2 1
github.com/tkeel-io/collectjs/pkg/json/jsonparser/parser.go:667.35,670.5 1 0
github.com/tkeel-io/collectjs/pkg/json/jsonparser/parser.go:674.34,677.4 1 1
github.com/tkeel-io/collectjs/pkg/json/jsonparser/parser.go:684.39,686.4 1 0
github.com/tkeel-io/collectjs/pkg/json/jsonparser/parser.go:686.9,686.118 1 1
github.com/tkeel-io/collectjs/pkg/json/jsonparser/parser.go:686.118,688.4 1 1
github.com/tkeel-io/collectjs/pkg/json/jsonparser/parser.go:688.9,688.74 1 1
github.com/tkeel-io/collectjs/pkg/json/jsonparser/parser.go:688.74,690.4 1 1
github.com/tkeel-io/collectjs/pkg/json/jsonparser/parser.go:691.8,693.34 2 1
github.com/tkeel-io/collectjs/pkg/json/jsonparser/parser.go:698.3,701.39 3 1
github.com/tkeel-io/collectjs/pkg/json/jsonparser/parser.go:693.34,696.4 1 1
github.com/tkeel-io/collectjs/pkg/json/jsonparser/parser.go:701.39,703.4 1 0
github.com/tkeel-io/collectjs/pkg/json/jsonparser/parser.go:703.9,703.74 1 1
github.com/tkeel-io/collectjs/pkg/json/jsonparser/parser.go:703.74,705.4 1 0
github.com/tkeel-io/collectjs/pkg/json/jsonparser/parser.go:713.109,715.3 1 0
github.com/tkeel-io/collectjs/pkg/json/jsonparser/parser.go:715.8,717.3 1 1
github.com/tkeel-io/collectjs/pkg/json/jsonparser/parser.go:732.82,735.20 1 1
github.com/tkeel-io/collectjs/pkg/json/jsonparser/parser.go:739.2,740.16 2 1
github.com/tkeel-io/collectjs/pkg/json/jsonparser/parser.go:807.2,807.19 1 1
github.com/tkeel-io/collectjs/pkg/json/jsonparser/parser.go:735.20,737.3 1 0
github.com/tkeel-io/collectjs/pkg/json/jsonparser/parser.go:740.16,741.34 1 1
github.com/tkeel-io/collectjs/pkg/json/jsonparser/parser.go:747.3,748.23 2 1
github.com/tkeel-io/collectjs/pkg/json/jsonparser/parser.go:760.3,760.26 1 1
github.com/tkeel-io/collectjs/pkg/json/jsonparser/parser.go:764.3,766.22 3 1
github.com/tkeel-io/collectjs/pkg/json/jsonparser/parser.go:781.3,782.17 2 1
github.com/tkeel-io/collectjs/pkg/json/jsonparser/parser.go:795.3,795.133 1 1
github.com/tkeel-io/collectjs/pkg/json/jsonparser/parser.go:741.34,744.4 1 0
github.com/tkeel-io/collectjs/pkg/json/jsonparser/parser.go:748.23,750.19 2 1
github.com/tkeel-io/collectjs/pkg/json/jsonparser/parser.go:750.19,751.10 1 1
github.com/tkeel-io/collectjs/pkg/json/jsonparser/parser.go:752.10,756.5 3 1
github.com/tkeel-io/collectjs/pkg/json/jsonparser/parser.go:760.26,762.4 1 1
github.com/tkeel-io/collectjs/pkg/json/jsonparser/parser.go:766.22,769.49 2 1
github.com/tkeel-io/collectjs/pkg/json/jsonparser/parser.go:773.4,774.32 2 1
github.com/tkeel-io/collectjs/pkg/json/jsonparser/parser.go:779.4,779.31 1 1
github.com/tkeel-io/collectjs/pkg/json/jsonparser/parser.go:769.49,771.5 1 1
github.com/tkeel-io/collectjs/pkg/json/jsonparser/parser.go:774.32,776.5 1 1
github.com/tkeel-io/collectjs/pkg/json/jsonparser/parser.go:782.17,784.94 1 1
github.com/tkeel-io/collectjs/pkg/json/jsonparser/parser.go:784.94,788.5 2 1
github.com/tkeel-io/collectjs/pkg/json/jsonparser/parser.go:788.10,791.5 2 1
github.com/tkeel-io/collectjs/pkg/json/jsonparser/parser.go:792.9,794.4 1 1
github.com/tkeel-io/collectjs/pkg/json/jsonparser/parser.go:796.8,806.3 7 1
github.com/tkeel-io/collectjs/pkg/json/jsonparser/parser.go:810.85,813.16 3 0
github.com/tkeel-io/collectjs/pkg/json/jsonparser/parser.go:813.16,814.34 1 0
github.com/tkeel-io/collectjs/pkg/json/jsonparser/parser.go:818.3,818.18 1 0
github.com/tkeel-io/collectjs/pkg/json/jsonparser/parser.go:814.34,817.4 2 0
github.com/tkeel-io/collectjs/pkg/json/jsonparser/parser.go:819.8,821.68 2 0
github.com/tkeel-io/collectjs/pkg/json/jsonparser/parser.go:831.3,831.21 1 0
github.com/tkeel-io/collectjs/pkg/json/jsonparser/parser.go:834.3,834.38 1 0
github.com/tkeel-io/collectjs/pkg/json/jsonparser/parser.go:821.68,822.17 1 0
github.com/tkeel-io/collectjs/pkg/json/jsonparser/parser.go:827.4,827.81 1 0
github.com/tkeel-io/collectjs/pkg/json/jsonparser/parser.go:822.17,824.5 1 0
github.com/tkeel-io/collectjs/pkg/json/jsonparser/parser.go:824.10,826.5 1 0
github.com/tkeel-io/collectjs/pkg/json/jsonparser/parser.go:828.9,830.4 1 0
github.com/tkeel-io/collectjs/pkg/json/jsonparser/parser.go:831.21,833.4 1 0
github.com/tkeel-io/collectjs/pkg/json/jsonparser/parser.go:838.48,841.2 2 0
github.com/tkeel-io/collectjs/pkg/json/jsonparser/parser.go:843.71,848.25 3 1
github.com/tkeel-io/collectjs/pkg/json/jsonparser/parser.go:906.2,906.57 1 1
github.com/tkeel-io/collectjs/pkg/json/jsonparser/parser.go:848.25,850.54 2 1
github.com/tkeel-io/collectjs/pkg/json/jsonparser/parser.go:850.54,852.4 1 1
github.com/tkeel-io/collectjs/pkg/json/jsonparser/parser.go:852.9,854.4 1 1
github.com/tkeel-io/collectjs/pkg/json/jsonparser/parser.go:855.8,855.32 1 1
github.com/tkeel-io/collectjs/pkg/json/jsonparser/parser.go:855.32,860.22 3 1
github.com/tkeel-io/collectjs/pkg/json/jsonparser/parser.go:864.3,864.22 1 1
github.com/tkeel-io/collectjs/pkg/json/jsonparser/parser.go:860.22,862.4 1 1
github.com/tkeel-io/collectjs/pkg/json/jsonparser/parser.go:865.8,865.32 1 1
github.com/tkeel-io/collectjs/pkg/json/jsonparser/parser.go:865.32,870.22 3 1
github.com/tkeel-io/collectjs/pkg/json/jsonparser/parser.go:874.3,874.22 1 1
github.com/tkeel-io/collectjs/pkg/json/jsonparser/parser.go:870.22,872.4 1 1
github.com/tkeel-io/collectjs/pkg/json/jsonparser/parser.go:875.8,879.16 2 1
github.com/tkeel-io/collectjs/pkg/json/jsonparser/parser.go:883.3,885.23 2 1
github.com/tkeel-io/collectjs/pkg/json/jsonparser/parser.go:904.3,904.19 1 1
github.com/tkeel-io/collectjs/pkg/json/jsonparser/parser.go:879.16,881.4 1 0
github.com/tkeel-io/collectjs/pkg/json/jsonparser/parser.go:886.17,887.75 1 1
github.com/tkeel-io/collectjs/pkg/json/jsonparser/parser.go:892.17,893.39 1 1
github.com/tkeel-io/collectjs/pkg/json/jsonparser/parser.go:898.62,899.21 1 1
github.com/tkeel-io/collectjs/pkg/json/jsonparser/parser.go:900.11,901.54 1 1
github.com/tkeel-io/collectjs/pkg/json/jsonparser/parser.go:887.75,889.5 1 1
github.com/tkeel-io/collectjs/pkg/json/jsonparser/parser.go:889.10,891.5 1 1
github.com/tkeel-io/collectjs/pkg/json/jsonparser/parser.go:893.39,895.5 1 1
github.com/tkeel-io/collectjs/pkg/json/jsonparser/parser.go:895.10,897.5 1 1
github.com/tkeel-io/collectjs/pkg/json/jsonparser/parser.go:921.97,924.2 2 1
github.com/tkeel-io/collectjs/pkg/json/jsonparser/parser.go:926.116,927.19 1 1
github.com/tkeel-io/collectjs/pkg/json/jsonparser/parser.go:934.2,935.14 2 1
github.com/tkeel-io/collectjs/pkg/json/jsonparser/parser.go:939.2,941.16 3 1
github.com/tkeel-io/collectjs/pkg/json/jsonparser/parser.go:946.2,946.24 1 1
github.com/tkeel-io/collectjs/pkg/json/jsonparser/parser.go:950.2,950.48 1 1
github.com/tkeel-io/collectjs/pkg/json/jsonparser/parser.go:927.19,928.55 1 1
github.com/tkeel-io/collectjs/pkg/json/jsonparser/parser.go:928.55,930.4 1 1
github.com/tkeel-io/collectjs/pkg/json/jsonparser/parser.go:935.14,937.3 1 1
github.com/tkeel-io/collectjs/pkg/json/jsonparser/parser.go:941.16,943.3 1 1
github.com/tkeel-io/collectjs/pkg/json/jsonparser/parser.go:946.24,948.3 1 1
github.com/tkeel-io/collectjs/pkg/json/jsonparser/parser.go:954.130,955.20 1 1
github.com/tkeel-io/collectjs/pkg/json/jsonparser/parser.go:959.2,961.19 2 1
github.com/tkeel-io/collectjs/pkg/json/jsonparser/parser.go:981.2,982.14 2 1
github.com/tkeel-io/collectjs/pkg/json/jsonparser/parser.go:986.2,988.25 2 1
github.com/tkeel-io/collectjs/pkg/json/jsonparser/parser.go:992.2,992.11 1 1
github.com/tkeel-io/collectjs/pkg/json/jsonparser/parser.go:1030.2,1030.20 1 1
github.com/tkeel-io/collectjs/pkg/json/jsonparser/parser.go:955.20,957.3 1 0
github.com/tkeel-io/collectjs/pkg/json/jsonparser/parser.go:961.19,962.55 1 1
github.com/tkeel-io/collectjs/pkg/json/jsonparser/parser.go:967.3,968.15 2 1
github.com/tkeel-io/collectjs/pkg/json/jsonparser/parser.go:972.3,974.26 2 1
github.com/tkeel-io/collectjs/pkg/json/jsonparser/parser.go:978.3,978.11 1 1
github.com/tkeel-io/collectjs/pkg/json/jsonparser/parser.go:962.55,964.4 1 0
github.com/tkeel-io/collectjs/pkg/json/jsonparser/parser.go:968.15,970.4 1 0
github.com/tkeel-io/collectjs/pkg/json/jsonparser/parser.go:974.26,976.4 1 0
github.com/tkeel-io/collectjs/pkg/json/jsonparser/parser.go:982.14,984.3 1 0
github.com/tkeel-io/collectjs/pkg/json/jsonparser/parser.go:988.25,990.3 1 1
github.com/tkeel-io/collectjs/pkg/json/jsonparser/parser.go:992.11,995.15 2 1
github.com/tkeel-io/collectjs/pkg/json/jsonparser/parser.go:999.3,999.13 1 1
github.com/tkeel-io/collectjs/pkg/json/jsonparser/parser.go:1003.3,1003.20 1 1
github.com/tkeel-io/collectjs/pkg/json/jsonparser/parser.go:1007.3,1007.15 1 1
github.com/tkeel-io/collectjs/pkg/json/jsonparser/parser.go:1011.3,1014.24 3 1
github.com/tkeel-io/collectjs/pkg/json/jsonparser/parser.go:1017.3,1019.26 2 1
github.com/tkeel-io/collectjs/pkg/json/jsonparser/parser.go:1023.3,1023.26 1 1
github.com/tkeel-io/collectjs/pkg/json/jsonparser/parser.go:1027.3,1027.11 1 1
github.com/tkeel-io/collectjs/pkg/json/jsonparser/parser.go:995.15,997.4 1 0
github.com/tkeel-io/collectjs/pkg/json/jsonparser/parser.go:999.13,1000.9 1 0
github.com/tkeel-io/collectjs/pkg/json/jsonparser/parser.go:1003.20,1005.4 1 1
github.com/tkeel-io/collectjs/pkg/json/jsonparser/parser.go:1007.15,1008.9 1 0
github.com/tkeel-io/collectjs/pkg/json/jsonparser/parser.go:1014.24,1016.4 1 0
github.com/tkeel-io/collectjs/pkg/json/jsonparser/parser.go:1019.26,1020.9 1 1
github.com/tkeel-io/collectjs/pkg/json/jsonparser/parser.go:1023.26,1025.4 1 0
github.com/tkeel-io/collectjs/pkg/json/jsonparser/parser.go:1034.137,1039.19 3 1
github.com/tkeel-io/collectjs/pkg/json/jsonparser/parser.go:1048.2,1048.48 1 1
github.com/tkeel-io/collectjs/pkg/json/jsonparser/parser.go:1057.2,1057.48 1 1
github.com/tkeel-io/collectjs/pkg/json/jsonparser/parser.go:1064.2,1064.25 1 1
github.com/tkeel-io/collectjs/pkg/json/jsonparser/parser.go:1137.2,1137.29 1 0
github.com/tkeel-io/collectjs/pkg/json/jsonparser/parser.go:1039.19,1040.50 1 0
github.com/tkeel-io/collectjs/pkg/json/jsonparser/parser.go:1040.50,1042.4 1 0
github.com/tkeel-io/collectjs/pkg/json/jsonparser/parser.go:1042.9,1044.4 1 0
github.com/tkeel-io/collectjs/pkg/json/jsonparser/parser.go:1048.48,1050.3 1 0
github.com/tkeel-io/collectjs/pkg/json/jsonparser/parser.go:1050.8,1050.47 1 1
github.com/tkeel-io/collectjs/pkg/json/jsonparser/parser.go:1050.47,1052.3 1 1
github.com/tkeel-io/collectjs/pkg/json/jsonparser/parser.go:1052.8,1054.3 1 1
github.com/tkeel-io/collectjs/pkg/json/jsonparser/parser.go:1057.48,1059.3 1 1
github.com/tkeel-io/collectjs/pkg/json/jsonparser/parser.go:1059.8,1059.47 1 1
github.com/tkeel-io/collectjs/pkg/json/jsonparser/parser.go:1059.47,1061.3 1 1
github.com/tkeel-io/collectjs/pkg/json/jsonparser/parser.go:1064.25,1069.23 2 1
github.com/tkeel-io/collectjs/pkg/json/jsonparser/parser.go:1079.3,1080.54 2 1
github.com/tkeel-io/collectjs/pkg/json/jsonparser/parser.go:1088.3,1088.17 1 1
github.com/tkeel-io/collectjs/pkg/json/jsonparser/parser.go:1097.3,1097.49 1 1
github.com/tkeel-io/collectjs/pkg/json/jsonparser/parser.go:1106.3,1106.67 1 1
github.com/tkeel-io/collectjs/pkg/json/jsonparser/parser.go:1115.3,1115.49 1 1
github.com/tkeel-io/collectjs/pkg/json/jsonparser/parser.go:1130.3,1130.49 1 1
github.com/tkeel-io/collectjs/pkg/json/jsonparser/parser.go:1070.12,1071.12 1 1
github.com/tkeel-io/collectjs/pkg/json/jsonparser/parser.go:1072.12,1073.14 1 0
github.com/tkeel-io/collectjs/pkg/json/jsonparser/parser.go:1074.11,1075.31 1 1
github.com/tkeel-io/collectjs/pkg/json/jsonparser/parser.go:1080.54,1082.4 1 1
github.com/tkeel-io/collectjs/pkg/json/jsonparser/parser.go:1082.9,1085.4 2 1
github.com/tkeel-io/collectjs/pkg/json/jsonparser/parser.go:1088.17,1089.67 1 1
github.com/tkeel-io/collectjs/pkg/json/jsonparser/parser.go:1089.67,1091.5 1 0
github.com/tkeel-io/collectjs/pkg/json/jsonparser/parser.go:1091.10,1093.5 1 1
github.com/tkeel-io/collectjs/pkg/json/jsonparser/parser.go:1097.49,1099.4 1 0
github.com/tkeel-io/collectjs/pkg/json/jsonparser/parser.go:1099.9,1099.48 1 1
github.com/tkeel-io/collectjs/pkg/json/jsonparser/parser.go:1099.48,1101.4 1 1
github.com/tkeel-io/collectjs/pkg/json/jsonparser/parser.go:1101.9,1103.4 1 1
github.com/tkeel-io/collectjs/pkg/json/jsonparser/parser.go:1106.67,1108.4 1 1
github.com/tkeel-io/collectjs/pkg/json/jsonparser/parser.go:1108.9,1108.76 1 1
github.com/tkeel-io/collectjs/pkg/json/jsonparser/parser.go:1108.76,1110.4 1 0
github.com/tkeel-io/collectjs/pkg/json/jsonparser/parser.go:1110.9,1112.4 1 1
github.com/tkeel-io/collectjs/pkg/json/jsonparser/parser.go:1115.49,1117.4 1 0
github.com/tkeel-io/collectjs/pkg/json/jsonparser/parser.go:1117.9,1119.24 2 1
github.com/tkeel-io/collectjs/pkg/json/jsonparser/parser.go:1120.13,1121.15 1 1
github.com/tkeel-io/collectjs/pkg/json/jsonparser/parser.go:1122.13,1123.13 1 1
github.com/tkeel-io/collectjs/pkg/json/jsonparser/parser.go:1124.12,1125.32 1 1
github.com/tkeel-io/collectjs/pkg/json/jsonparser/parser.go:1130.49,1132.4 1 0
github.com/tkeel-io/collectjs/pkg/json/jsonparser/parser.go:1132.9,1134.4 1 1
github.com/tkeel-io/collectjs/pkg/json/jsonparser/parser.go:1141.75,1144.14 2 0
github.com/tkeel-io/collectjs/pkg/json/jsonparser/parser.go:1148.2,1148.31 1 0
github.com/tkeel-io/collectjs/pkg/json/jsonparser/parser.go:1144.14,1146.3 1 0
github.com/tkeel-io/collectjs/pkg/json/jsonparser/parser.go:1153.69,1156.14 2 1
github.com/tkeel-io/collectjs/pkg/json/jsonparser/parser.go:1160.2,1160.17 1 1
github.com/tkeel-io/collectjs/pkg/json/jsonparser/parser.go:1165.2,1165.36 1 1
github.com/tkeel-io/collectjs/pkg/json/jsonparser/parser.go:1169.2,1169.23 1 1
github.com/tkeel-io/collectjs/pkg/json/jsonparser/parser.go:1156.14,1158.3 1 0
github.com/tkeel-io/collectjs/pkg/json/jsonparser/parser.go:1160.17,1162.3 1 0
github.com/tkeel-io/collectjs/pkg/json/jsonparser/parser.go:1165.36,1167.3 1 1
github.com/tkeel-io/collectjs/pkg/json/jsonparser/parser.go:1175.69,1178.14 2 1
github.com/tkeel-io/collectjs/pkg/json/jsonparser/parser.go:1182.2,1182.17 1 1
github.com/tkeel-io/collectjs/pkg/json/jsonparser/parser.go:1186.2,1186.22 1 1
github.com/tkeel-io/collectjs/pkg/json/jsonparser/parser.go:1178.14,1180.3 1 0
github.com/tkeel-io/collectjs/pkg/json/jsonparser/parser.go:1182.17,1184.3 1 0
github.com/tkeel-io/collectjs/pkg/json/jsonparser/parser.go:1191.65,1194.14 2 1
github.com/tkeel-io/collectjs/pkg/json/jsonparser/parser.go:1198.2,1198.17 1 1
github.com/tkeel-io/collectjs/pkg/json/jsonparser/parser.go:1202.2,1202.20 1 1
github.com/tkeel-io/collectjs/pkg/json/jsonparser/parser.go:1194.14,1196.3 1 0
github.com/tkeel-io/collectjs/pkg/json/jsonparser/parser.go:1198.17,1200.3 1 0
github.com/tkeel-io/collectjs/pkg/json/jsonparser/parser.go:1208.68,1211.14 2 1
github.com/tkeel-io/collectjs/pkg/json/jsonparser/parser.go:1215.2,1215.18 1 1
github.com/tkeel-io/collectjs/pkg/json/jsonparser/parser.go:1219.2,1219.24 1 1
github.com/tkeel-io/collectjs/pkg/json/jsonparser/parser.go:1211.14,1213.3 1 1
github.com/tkeel-io/collectjs/pkg/json/jsonparser/parser.go:1215.18,1217.3 1 0
github.com/tkeel-io/collectjs/pkg/json/jsonparser/parser.go:1223.43,1224.9 1 1
github.com/tkeel-io/collectjs/pkg/json/jsonparser/parser.go:1225.35,1226.19 1 1
github.com/tkeel-io/collectjs/pkg/json/jsonparser/parser.go:1227.36,1228.20 1 1
github.com/tkeel-io/collectjs/pkg/json/jsonparser/parser.go:1229.10,1230.36 1 1
github.com/tkeel-io/collectjs/pkg/json/jsonparser/parser.go:1235.44,1237.53 2 1
github.com/tkeel-io/collectjs/pkg/json/jsonparser/parser.go:1237.53,1239.3 1 1
github.com/tkeel-io/collectjs/pkg/json/jsonparser/parser.go:1239.8,1241.3 1 1
github.com/tkeel-io/collectjs/pkg/json/jsonparser/parser.go:1245.44,1246.42 1 1
github.com/tkeel-io/collectjs/pkg/json/jsonparser/parser.go:1246.42,1248.3 1 1
github.com/tkeel-io/collectjs/pkg/json/jsonparser/parser.go:1248.8,1250.3 1 1
github.com/tkeel-io/collectjs/pkg/json/jsonparser/parser.go:1254.40,1255.41 1 1
github.com/tkeel-io/collectjs/pkg/json/jsonparser/parser.go:1255.41,1256.15 1 1
github.com/tkeel-io/collectjs/pkg/json/jsonparser/parser.go:1259.3,1259.32 1 0
github.com/tkeel-io/collectjs/pkg/json/jsonparser/parser.go:1256.15,1258.4 1 1
github.com/tkeel-io/collectjs/pkg/json/jsonparser/parser.go:1260.8,1262.3 1 1
github.com/tkeel-io/collectjs/pkg/json/gojsonq/option.go:16.39,18.2 1 1
github.com/tkeel-io/collectjs/pkg/json/gojsonq/option.go:22.40,24.2 1 1
github.com/tkeel-io/collectjs/pkg/json/gojsonq/option.go:27.40,28.30 1 1
github.com/tkeel-io/collectjs/pkg/json/gojsonq/option.go:28.30,29.15 1 1
github.com/tkeel-io/collectjs/pkg/json/gojsonq/option.go:32.3,33.13 2 1
github.com/tkeel-io/collectjs/pkg/json/gojsonq/option.go:29.15,31.4 1 1
github.com/tkeel-io/collectjs/pkg/json/gojsonq/option.go:38.41,39.30 1 1
github.com/tkeel-io/collectjs/pkg/json/gojsonq/option.go:39.30,40.14 1 1
github.com/tkeel-io/collectjs/pkg/json/gojsonq/option.go:43.3,44.13 2 1
github.com/tkeel-io/collectjs/pkg/json/gojsonq/option.go:40.14,42.4 1 1
github.com/tkeel-io/collectjs/pkg/json/gojsonq/query.go:37.44,65.2 1 1
github.com/tkeel-io/collectjs/pkg/json/gojsonq/query.go:71.41,73.32 1 1
github.com/tkeel-io/collectjs/pkg/json/gojsonq/query.go:76.2,76.37 1 1
github.com/tkeel-io/collectjs/pkg/json/gojsonq/query.go:73.32,75.3 1 1
github.com/tkeel-io/collectjs/pkg/json/gojsonq/query.go:80.42,83.2 2 1
github.com/tkeel-io/collectjs/pkg/json/gojsonq/query.go:86.41,88.9 2 1
github.com/tkeel-io/collectjs/pkg/json/gojsonq/query.go:92.2,92.32 1 1
github.com/tkeel-io/collectjs/pkg/json/gojsonq/query.go:95.2,95.19 1 1
github.com/tkeel-io/collectjs/pkg/json/gojsonq/query.go:88.9,90.3 1 1
github.com/tkeel-io/collectjs/pkg/json/gojsonq/query.go:92.32,94.3 1 1
github.com/tkeel-io/collectjs/pkg/json/gojsonq/query.go:99.41,101.9 2 1
github.com/tkeel-io/collectjs/pkg/json/gojsonq/query.go:105.2,105.32 1 1
github.com/tkeel-io/collectjs/pkg/json/gojsonq/query.go:108.2,108.19 1 1
github.com/tkeel-io/collectjs/pkg/json/gojsonq/query.go:101.9,103.3 1 1
github.com/tkeel-io/collectjs/pkg/json/gojsonq/query.go:105.32,107.3 1 1
github.com/tkeel-io/collectjs/pkg/json/gojsonq/query.go:112.42,114.9 2 1
github.com/tkeel-io/collectjs/pkg/json/gojsonq/query.go:118.2,118.32 1 1
github.com/tkeel-io/collectjs/pkg/json/gojsonq/query.go:121.2,121.19 1 1
github.com/tkeel-io/collectjs/pkg/json/gojsonq/query.go:114.9,116.3 1 1
github.com/tkeel-io/collectjs/pkg/json/gojsonq/query.go:118.32,120.3 1 1
github.com/tkeel-io/collectjs/pkg/json/gojsonq/query.go:125.42,127.9 2 1
github.com/tkeel-io/collectjs/pkg/json/gojsonq/query.go:131.2,131.32 1 1
github.com/tkeel-io/collectjs/pkg/json/gojsonq/query.go:134.2,134.19 1 1
github.com/tkeel-io/collectjs/pkg/json/gojsonq/query.go:127.9,129.3 1 1
github.com/tkeel-io/collectjs/pkg/json/gojsonq/query.go:131.32,133.3 1 1
github.com/tkeel-io/collectjs/pkg/json/gojsonq/query.go:139.56,141.10 2 1
github.com/tkeel-io/collectjs/pkg/json/gojsonq/query.go:144.2,145.10 2 1
github.com/tkeel-io/collectjs/pkg/json/gojsonq/query.go:148.2,148.38 1 1
github.com/tkeel-io/collectjs/pkg/json/gojsonq/query.go:141.10,143.3 1 1
github.com/tkeel-io/collectjs/pkg/json/gojsonq/query.go:145.10,147.3 1 1
github.com/tkeel-io/collectjs/pkg/json/gojsonq/query.go:153.50,155.10 2 1
github.com/tkeel-io/collectjs/pkg/json/gojsonq/query.go:158.2,159.10 2 1
github.com/tkeel-io/collectjs/pkg/json/gojsonq/query.go:162.2,162.72 1 1
github.com/tkeel-io/collectjs/pkg/json/gojsonq/query.go:155.10,157.3 1 1
github.com/tkeel-io/collectjs/pkg/json/gojsonq/query.go:159.10,161.3 1 1
github.com/tkeel-io/collectjs/pkg/json/gojsonq/query.go:166.52,168.10 2 1
github.com/tkeel-io/collectjs/pkg/json/gojsonq/query.go:171.2,172.10 2 1
github.com/tkeel-io/collectjs/pkg/json/gojsonq/query.go:175.2,175.39 1 1
github.com/tkeel-io/collectjs/pkg/json/gojsonq/query.go:168.10,170.3 1 1
github.com/tkeel-io/collectjs/pkg/json/gojsonq/query.go:172.10,174.3 1 1
github.com/tkeel-io/collectjs/pkg/json/gojsonq/query.go:179.50,181.10 2 1
github.com/tkeel-io/collectjs/pkg/json/gojsonq/query.go:184.2,185.10 2 1
github.com/tkeel-io/collectjs/pkg/json/gojsonq/query.go:188.2,188.39 1 1
github.com/tkeel-io/collectjs/pkg/json/gojsonq/query.go:181.10,183.3 1 1
github.com/tkeel-io/collectjs/pkg/json/gojsonq/query.go:185.10,187.3 1 1
github.com/tkeel-io/collectjs/pkg/json/gojsonq/query.go:192.41,193.32 1 1
github.com/tkeel-io/collectjs/pkg/json/gojsonq/query.go:200.2,200.29 1 1
github.com/tkeel-io/collectjs/pkg/json/gojsonq/query.go:207.2,207.33 1 1
github.com/tkeel-io/collectjs/pkg/json/gojsonq/query.go:214.2,214.19 1 1
github.com/tkeel-io/collectjs/pkg/json/gojsonq/query.go:193.32,194.24 1 1
github.com/tkeel-io/collectjs/pkg/json/gojsonq/query.go:194.24,195.29 1 1
github.com/tkeel-io/collectjs/pkg/json/gojsonq/query.go:195.29,197.5 1 1
github.com/tkeel-io/collectjs/pkg/json/gojsonq/query.go:200.29,201.24 1 1
github.com/tkeel-io/collectjs/pkg/json/gojsonq/query.go:201.24,202.29 1 1
github.com/tkeel-io/collectjs/pkg/json/gojsonq/query.go:202.29,204.5 1 1
github.com/tkeel-io/collectjs/pkg/json/gojsonq/query.go:207.33,208.24 1 1
github.com/tkeel-io/collectjs/pkg/json/gojsonq/query.go:208.24,209.29 1 1
github.com/tkeel-io/collectjs/pkg/json/gojsonq/query.go:209.29,211.5 1 1
github.com/tkeel-io/collectjs/pkg/json/gojsonq/query.go:218.44,221.2 2 1
github.com/tkeel-io/collectjs/pkg/json/gojsonq/query.go:224.44,226.9 2 1
github.com/tkeel-io/collectjs/pkg/json/gojsonq/query.go:229.2,230.16 2 1
github.com/tkeel-io/collectjs/pkg/json/gojsonq/query.go:234.2,234.22 1 1
github.com/tkeel-io/collectjs/pkg/json/gojsonq/query.go:226.9,228.3 1 1
github.com/tkeel-io/collectjs/pkg/json/gojsonq/query.go:230.16,232.3 1 1
github.com/tkeel-io/collectjs/pkg/json/gojsonq/query.go:238.47,240.9 2 1
github.com/tkeel-io/collectjs/pkg/json/gojsonq/query.go:243.2,244.16 2 1
github.com/tkeel-io/collectjs/pkg/json/gojsonq/query.go:248.2,248.22 1 1
github.com/tkeel-io/collectjs/pkg/json/gojsonq/query.go:240.9,242.3 1 1
github.com/tkeel-io/collectjs/pkg/json/gojsonq/query.go:244.16,246.3 1 1
github.com/tkeel-io/collectjs/pkg/json/gojsonq/query.go:252.44,254.9 2 1
github.com/tkeel-io/collectjs/pkg/json/gojsonq/query.go:257.2,258.16 2 1
github.com/tkeel-io/collectjs/pkg/json/gojsonq/query.go:262.2,262.21 1 1
github.com/tkeel-io/collectjs/pkg/json/gojsonq/query.go:254.9,256.3 1 1
github.com/tkeel-io/collectjs/pkg/json/gojsonq/query.go:258.16,260.3 1 1
github.com/tkeel-io/collectjs/pkg/json/gojsonq/query.go:266.44,268.9 2 1
github.com/tkeel-io/collectjs/pkg/json/gojsonq/query.go:271.2,272.16 2 1
github.com/tkeel-io/collectjs/pkg/json/gojsonq/query.go:276.2,276.21 1 1
github.com/tkeel-io/collectjs/pkg/json/gojsonq/query.go:268.9,270.3 1 1
github.com/tkeel-io/collectjs/pkg/json/gojsonq/query.go:272.16,274.3 1 1
github.com/tkeel-io/collectjs/pkg/json/gojsonq/query.go:280.45,282.9 2 1
github.com/tkeel-io/collectjs/pkg/json/gojsonq/query.go:285.2,286.16 2 1
github.com/tkeel-io/collectjs/pkg/json/gojsonq/query.go:290.2,290.22 1 1
github.com/tkeel-io/collectjs/pkg/json/gojsonq/query.go:282.9,284.3 1 1
github.com/tkeel-io/collectjs/pkg/json/gojsonq/query.go:286.16,288.3 1 1
github.com/tkeel-io/collectjs/pkg/json/gojsonq/query.go:294.45,296.9 2 1
github.com/tkeel-io/collectjs/pkg/json/gojsonq/query.go:299.2,300.16 2 1
github.com/tkeel-io/collectjs/pkg/json/gojsonq/query.go:304.2,304.22 1 1
github.com/tkeel-io/collectjs/pkg/json/gojsonq/query.go:296.9,298.3 1 1
github.com/tkeel-io/collectjs/pkg/json/gojsonq/query.go:300.16,302.3 1 1
github.com/tkeel-io/collectjs/pkg/json/gojsonq/result.go:20.39,22.2 1 1
github.com/tkeel-io/collectjs/pkg/json/gojsonq/result.go:30.29,32.2 1 1
github.com/tkeel-io/collectjs/pkg/json/gojsonq/result.go:35.42,36.20 1 1
github.com/tkeel-io/collectjs/pkg/json/gojsonq/result.go:72.2,72.12 1 1
github.com/tkeel-io/collectjs/pkg/json/gojsonq/result.go:36.20,38.45 2 1
github.com/tkeel-io/collectjs/pkg/json/gojsonq/result.go:42.3,43.20 2 1
github.com/tkeel-io/collectjs/pkg/json/gojsonq/result.go:47.3,60.30 3 1
github.com/tkeel-io/collectjs/pkg/json/gojsonq/result.go:64.3,65.16 2 1
github.com/tkeel-io/collectjs/pkg/json/gojsonq/result.go:38.45,40.4 1 1
github.com/tkeel-io/collectjs/pkg/json/gojsonq/result.go:43.20,45.4 1 0
github.com/tkeel-io/collectjs/pkg/json/gojsonq/result.go:60.30,62.4 1 1
github.com/tkeel-io/collectjs/pkg/json/gojsonq/result.go:65.16,66.32 1 1
github.com/tkeel-io/collectjs/pkg/json/gojsonq/result.go:69.4,69.24 1 1
github.com/tkeel-io/collectjs/pkg/json/gojsonq/result.go:66.32,68.5 1 1
github.com/tkeel-io/collectjs/pkg/json/gojsonq/result.go:76.39,77.29 1 1
github.com/tkeel-io/collectjs/pkg/json/gojsonq/result.go:78.12,79.16 1 1
github.com/tkeel-io/collectjs/pkg/json/gojsonq/result.go:80.10,81.72 1 1
github.com/tkeel-io/collectjs/pkg/json/gojsonq/result.go:86.57,87.29 1 1
github.com/tkeel-io/collectjs/pkg/json/gojsonq/result.go:88.14,89.31 1 1
github.com/tkeel-io/collectjs/pkg/json/gojsonq/result.go:90.10,91.78 1 1
github.com/tkeel-io/collectjs/pkg/json/gojsonq/result.go:96.52,97.29 1 1
github.com/tkeel-io/collectjs/pkg/json/gojsonq/result.go:98.15,99.31 1 1
github.com/tkeel-io/collectjs/pkg/json/gojsonq/result.go:100.14,101.40 1 1
github.com/tkeel-io/collectjs/pkg/json/gojsonq/result.go:104.3,104.38 1 1
github.com/tkeel-io/collectjs/pkg/json/gojsonq/result.go:105.10,106.83 1 1
github.com/tkeel-io/collectjs/pkg/json/gojsonq/result.go:101.40,103.4 1 1
github.com/tkeel-io/collectjs/pkg/json/gojsonq/result.go:111.43,112.29 1 1
github.com/tkeel-io/collectjs/pkg/json/gojsonq/result.go:113.14,114.16 1 1
github.com/tkeel-io/collectjs/pkg/json/gojsonq/result.go:115.10,116.69 1 1
github.com/tkeel-io/collectjs/pkg/json/gojsonq/result.go:121.37,122.29 1 1
github.com/tkeel-io/collectjs/pkg/json/gojsonq/result.go:123.15,124.21 1 1
github.com/tkeel-io/collectjs/pkg/json/gojsonq/result.go:125.10,126.68 1 1
github.com/tkeel-io/collectjs/pkg/json/gojsonq/result.go:131.39,132.29 1 1
github.com/tkeel-io/collectjs/pkg/json/gojsonq/result.go:133.15,134.22 1 1
github.com/tkeel-io/collectjs/pkg/json/gojsonq/result.go:135.10,136.68 1 1
github.com/tkeel-io/collectjs/pkg/json/gojsonq/result.go:141.41,142.29 1 1
github.com/tkeel-io/collectjs/pkg/json/gojsonq/result.go:143.15,144.23 1 1
github.com/tkeel-io/collectjs/pkg/json/gojsonq/result.go:145.10,146.68 1 1
github.com/tkeel-io/collectjs/pkg/json/gojsonq/result.go:151.41,152.29 1 1
github.com/tkeel-io/collectjs/pkg/json/gojsonq/result.go:153.15,154.23 1 1
github.com/tkeel-io/collectjs/pkg/json/gojsonq/result.go:155.10,156.68 1 1
github.com/tkeel-io/collectjs/pkg/json/gojsonq/result.go:161.41,162.29 1 1
github.com/tkeel-io/collectjs/pkg/json/gojsonq/result.go:163.15,164.23 1 1
github.com/tkeel-io/collectjs/pkg/json/gojsonq/result.go:165.10,166.68 1 1
github.com/tkeel-io/collectjs/pkg/json/gojsonq/result.go:171.39,172.29 1 1
github.com/tkeel-io/collectjs/pkg/json/gojsonq/result.go:173.15,174.22 1 1
github.com/tkeel-io/collectjs/pkg/json/gojsonq/result.go:175.10,176.68 1 1
github.com/tkeel-io/collectjs/pkg/json/gojsonq/result.go:181.41,182.29 1 1
github.com/tkeel-io/collectjs/pkg/json/gojsonq/result.go:183.15,184.23 1 1
github.com/tkeel-io/collectjs/pkg/json/gojsonq/result.go:185.10,186.68 1 1
github.com/tkeel-io/collectjs/pkg/json/gojsonq/result.go:191.43,192.29 1 1
github.com/tkeel-io/collectjs/pkg/json/gojsonq/result.go:193.15,194.24 1 1
github.com/tkeel-io/collectjs/pkg/json/gojsonq/result.go:195.10,196.68 1 1
github.com/tkeel-io/collectjs/pkg/json/gojsonq/result.go:201.43,202.29 1 1
github.com/tkeel-io/collectjs/pkg/json/gojsonq/result.go:203.15,204.24 1 1
github.com/tkeel-io/collectjs/pkg/json/gojsonq/result.go:205.10,206.68 1 1
github.com/tkeel-io/collectjs/pkg/json/gojsonq/result.go:211.43,212.29 1 1
github.com/tkeel-io/collectjs/pkg/json/gojsonq/result.go:213.15,214.24 1 1
github.com/tkeel-io/collectjs/pkg/json/gojsonq/result.go:215.10,216.68 1 1
github.com/tkeel-io/collectjs/pkg/json/gojsonq/result.go:221.45,222.29 1 1
github.com/tkeel-io/collectjs/pkg/json/gojsonq/result.go:223.15,224.25 1 1
github.com/tkeel-io/collectjs/pkg/json/gojsonq/result.go:225.10,226.68 1 1
github.com/tkeel-io/collectjs/pkg/json/gojsonq/result.go:231.45,232.29 1 1
github.com/tkeel-io/collectjs/pkg/json/gojsonq/result.go:233.15,234.16 1 1
github.com/tkeel-io/collectjs/pkg/json/gojsonq/result.go:235.10,236.68 1 1
github.com/tkeel-io/collectjs/pkg/json/gojsonq/result.go:245.46,246.29 1 1
github.com/tkeel-io/collectjs/pkg/json/gojsonq/result.go:247.21,249.24 2 1
github.com/tkeel-io/collectjs/pkg/json/gojsonq/result.go:254.3,254.17 1 1
github.com/tkeel-io/collectjs/pkg/json/gojsonq/result.go:255.10,256.75 1 1
github.com/tkeel-io/collectjs/pkg/json/gojsonq/result.go:249.24,250.30 1 1
github.com/tkeel-io/collectjs/pkg/json/gojsonq/result.go:250.30,252.5 1 1
github.com/tkeel-io/collectjs/pkg/json/gojsonq/result.go:261.64,262.29 1 1
github.com/tkeel-io/collectjs/pkg/json/gojsonq/result.go:263.21,265.24 2 1
github.com/tkeel-io/collectjs/pkg/json/gojsonq/result.go:274.3,274.17 1 1
github.com/tkeel-io/collectjs/pkg/json/gojsonq/result.go:275.10,276.80 1 1
github.com/tkeel-io/collectjs/pkg/json/gojsonq/result.go:265.24,266.32 1 1
github.com/tkeel-io/collectjs/pkg/json/gojsonq/result.go:266.32,268.19 2 1
github.com/tkeel-io/collectjs/pkg/json/gojsonq/result.go:271.5,271.24 1 1
github.com/tkeel-io/collectjs/pkg/json/gojsonq/result.go:268.19,270.6 1 1
github.com/tkeel-io/collectjs/pkg/json/gojsonq/result.go:281.59,282.29 1 1
github.com/tkeel-io/collectjs/pkg/json/gojsonq/result.go:283.21,285.24 2 1
github.com/tkeel-io/collectjs/pkg/json/gojsonq/result.go:304.3,304.17 1 1
github.com/tkeel-io/collectjs/pkg/json/gojsonq/result.go:305.10,306.84 1 1
github.com/tkeel-io/collectjs/pkg/json/gojsonq/result.go:285.24,286.32 1 1
github.com/tkeel-io/collectjs/pkg/json/gojsonq/result.go:300.4,300.33 1 1
github.com/tkeel-io/collectjs/pkg/json/gojsonq/result.go:286.32,289.42 3 1
github.com/tkeel-io/collectjs/pkg/json/gojsonq/result.go:294.5,294.19 1 1
github.com/tkeel-io/collectjs/pkg/json/gojsonq/result.go:297.5,297.23 1 1
github.com/tkeel-io/collectjs/pkg/json/gojsonq/result.go:289.42,291.6 1 1
github.com/tkeel-io/collectjs/pkg/json/gojsonq/result.go:291.11,293.6 1 1
github.com/tkeel-io/collectjs/pkg/json/gojsonq/result.go:294.19,296.6 1 1
github.com/tkeel-io/collectjs/pkg/json/gojsonq/result.go:300.33,302.5 1 1
github.com/tkeel-io/collectjs/pkg/json/gojsonq/result.go:311.50,312.29 1 1
github.com/tkeel-io/collectjs/pkg/json/gojsonq/result.go:313.21,315.24 2 1
github.com/tkeel-io/collectjs/pkg/json/gojsonq/result.go:320.3,320.17 1 1
github.com/tkeel-io/collectjs/pkg/json/gojsonq/result.go:321.10,322.77 1 1
github.com/tkeel-io/collectjs/pkg/json/gojsonq/result.go:315.24,316.32 1 1
github.com/tkeel-io/collectjs/pkg/json/gojsonq/result.go:316.32,318.5 1 1
github.com/tkeel-io/collectjs/pkg/json/gojsonq/result.go:327.44,328.29 1 1
github.com/tkeel-io/collectjs/pkg/json/gojsonq/result.go:329.21,331.24 2 1
github.com/tkeel-io/collectjs/pkg/json/gojsonq/result.go:336.3,336.17 1 1
github.com/tkeel-io/collectjs/pkg/json/gojsonq/result.go:337.10,338.74 1 1
github.com/tkeel-io/collectjs/pkg/json/gojsonq/result.go:331.24,332.33 1 1
github.com/tkeel-io/collectjs/pkg/json/gojsonq/result.go:332.33,334.5 1 1
github.com/tkeel-io/collectjs/pkg/json/gojsonq/result.go:343.46,344.29 1 1
github.com/tkeel-io/collectjs/pkg/json/gojsonq/result.go:345.21,347.24 2 1
github.com/tkeel-io/collectjs/pkg/json/gojsonq/result.go:352.3,352.17 1 1
github.com/tkeel-io/collectjs/pkg/json/gojsonq/result.go:353.10,354.75 1 1
github.com/tkeel-io/collectjs/pkg/json/gojsonq/result.go:347.24,348.33 1 1
github.com/tkeel-io/collectjs/pkg/json/gojsonq/result.go:348.33,350.5 1 1
github.com/tkeel-io/collectjs/pkg/json/gojsonq/result.go:359.48,360.29 1 1
github.com/tkeel-io/collectjs/pkg/json/gojsonq/result.go:361.21,363.24 2 1
github.com/tkeel-io/collectjs/pkg/json/gojsonq/result.go:368.3,368.17 1 1
github.com/tkeel-io/collectjs/pkg/json/gojsonq/result.go:369.10,370.76 1 1
github.com/tkeel-io/collectjs/pkg/json/gojsonq/result.go:363.24,364.33 1 1
github.com/tkeel-io/collectjs/pkg/json/gojsonq/result.go:364.33,366.5 1 1
github.com/tkeel-io/collectjs/pkg/json/gojsonq/result.go:375.48,376.29 1 1
github.com/tkeel-io/collectjs/pkg/json/gojsonq/result.go:377.21,379.24 2 1
github.com/tkeel-io/collectjs/pkg/json/gojsonq/result.go:384.3,384.17 1 1
github.com/tkeel-io/collectjs/pkg/json/gojsonq/result.go:385.10,386.76 1 1
github.com/tkeel-io/collectjs/pkg/json/gojsonq/result.go:379.24,380.33 1 1
github.com/tkeel-io/collectjs/pkg/json/gojsonq/result.go:380.33,382.5 1 1
github.com/tkeel-io/collectjs/pkg/json/gojsonq/result.go:391.48,392.29 1 1
github.com/tkeel-io/collectjs/pkg/json/gojsonq/result.go:393.21,395.24 2 1
github.com/tkeel-io/collectjs/pkg/json/gojsonq/result.go:400.3,400.17 1 1
github.com/tkeel-io/collectjs/pkg/json/gojsonq/result.go:401.10,402.76 1 1
github.com/tkeel-io/collectjs/pkg/json/gojsonq/result.go:395.24,396.33 1 1
github.com/tkeel-io/collectjs/pkg/json/gojsonq/result.go:396.33,398.5 1 1
github.com/tkeel-io/collectjs/pkg/json/gojsonq/result.go:407.46,408.29 1 1
github.com/tkeel-io/collectjs/pkg/json/gojsonq/result.go:409.21,411.24 2 1
github.com/tkeel-io/collectjs/pkg/json/gojsonq/result.go:416.3,416.17 1 1
github.com/tkeel-io/collectjs/pkg/json/gojsonq/result.go:417.10,418.75 1 1
github.com/tkeel-io/collectjs/pkg/json/gojsonq/result.go:411.24,412.33 1 1
github.com/tkeel-io/collectjs/pkg/json/gojsonq/result.go:412.33,414.5 1 1
github.com/tkeel-io/collectjs/pkg/json/gojsonq/result.go:423.48,424.29 1 1
github.com/tkeel-io/collectjs/pkg/json/gojsonq/result.go:425.21,427.24 2 1
github.com/tkeel-io/collectjs/pkg/json/gojsonq/result.go:432.3,432.17 1 1
github.com/tkeel-io/collectjs/pkg/json/gojsonq/result.go:433.10,434.76 1 1
github.com/tkeel-io/collectjs/pkg/json/gojsonq/result.go:427.24,428.33 1 1
github.com/tkeel-io/collectjs/pkg/json/gojsonq/result.go:428.33,430.5 1 1
github.com/tkeel-io/collectjs/pkg/json/gojsonq/result.go:439.50,440.29 1 1
github.com/tkeel-io/collectjs/pkg/json/gojsonq/result.go:441.21,443.24 2 1
github.com/tkeel-io/collectjs/pkg/json/gojsonq/result.go:448.3,448.17 1 1
github.com/tkeel-io/collectjs/pkg/json/gojsonq/result.go:449.10,450.77 1 1
github.com/tkeel-io/collectjs/pkg/json/gojsonq/result.go:443.24,444.33 1 1
github.com/tkeel-io/collectjs/pkg/json/gojsonq/result.go:444.33,446.5 1 1
github.com/tkeel-io/collectjs/pkg/json/gojsonq/result.go:455.50,456.29 1 1
github.com/tkeel-io/collectjs/pkg/json/gojsonq/result.go:457.21,459.24 2 1
github.com/tkeel-io/collectjs/pkg/json/gojsonq/result.go:464.3,464.17 1 1
github.com/tkeel-io/collectjs/pkg/json/gojsonq/result.go:465.10,466.77 1 1
github.com/tkeel-io/collectjs/pkg/json/gojsonq/result.go:459.24,460.33 1 1
github.com/tkeel-io/collectjs/pkg/json/gojsonq/result.go:460.33,462.5 1 1
github.com/tkeel-io/collectjs/pkg/json/gojsonq/result.go:471.50,472.29 1 1
github.com/tkeel-io/collectjs/pkg/json/gojsonq/result.go:473.21,475.24 2 1
github.com/tkeel-io/collectjs/pkg/json/gojsonq/result.go:480.3,480.17 1 1
github.com/tkeel-io/collectjs/pkg/json/gojsonq/result.go:481.10,482.77 1 1
github.com/tkeel-io/collectjs/pkg/json/gojsonq/result.go:475.24,476.33 1 1
github.com/tkeel-io/collectjs/pkg/json/gojsonq/result.go:476.33,478.5 1 1
github.com/tkeel-io/collectjs/pkg/json/gojsonq/result.go:487.52,488.29 1 1
github.com/tkeel-io/collectjs/pkg/json/gojsonq/result.go:489.21,491.24 2 1
github.com/tkeel-io/collectjs/pkg/json/gojsonq/result.go:496.3,496.17 1 1
github.com/tkeel-io/collectjs/pkg/json/gojsonq/result.go:497.10,498.78 1 1
github.com/tkeel-io/collectjs/pkg/json/gojsonq/result.go:491.24,492.33 1 1
github.com/tkeel-io/collectjs/pkg/json/gojsonq/result.go:492.33,494.5 1 1
github.com/tkeel-io/collectjs/pkg/json/gojsonq/result.go:503.52,504.29 1 1
github.com/tkeel-io/collectjs/pkg/json/gojsonq/result.go:505.21,507.24 2 1
github.com/tkeel-io/collectjs/pkg/json/gojsonq/result.go:512.3,512.17 1 1
github.com/tkeel-io/collectjs/pkg/json/gojsonq/result.go:513.10,514.78 1 1
github.com/tkeel-io/collectjs/pkg/json/gojsonq/result.go:507.24,508.33 1 1
github.com/tkeel-io/collectjs/pkg/json/gojsonq/result.go:508.33,510.5 1 1
github.com/tkeel-io/collectjs/pkg/json/gojsonq/decoder.go:14.67,16.2 1 1
github.com/tkeel-io/collectjs/pkg/json/gojsonq/helper.go:12.21,13.11 1 1
github.com/tkeel-io/collectjs/pkg/json/gojsonq/helper.go:16.2,16.10 1 1
github.com/tkeel-io/collectjs/pkg/json/gojsonq/helper.go:13.11,15.3 1 1
github.com/tkeel-io/collectjs/pkg/json/gojsonq/helper.go:19.30,21.2 1 1
github.com/tkeel-io/collectjs/pkg/json/gojsonq/helper.go:23.39,24.18 1 1
github.com/tkeel-io/collectjs/pkg/json/gojsonq/helper.go:27.2,30.16 4 1
github.com/tkeel-io/collectjs/pkg/json/gojsonq/helper.go:33.2,33.18 1 1
github.com/tkeel-io/collectjs/pkg/json/gojsonq/helper.go:24.18,26.3 1 1
github.com/tkeel-io/collectjs/pkg/json/gojsonq/helper.go:30.16,32.3 1 1
github.com/tkeel-io/collectjs/pkg/json/gojsonq/helper.go:36.37,38.2 1 1
github.com/tkeel-io/collectjs/pkg/json/gojsonq/helper.go:41.47,45.23 3 1
github.com/tkeel-io/collectjs/pkg/json/gojsonq/helper.go:63.2,63.16 1 1
github.com/tkeel-io/collectjs/pkg/json/gojsonq/helper.go:46.11,47.17 1 1
github.com/tkeel-io/collectjs/pkg/json/gojsonq/helper.go:48.12,49.17 1 1
github.com/tkeel-io/collectjs/pkg/json/gojsonq/helper.go:50.13,51.17 1 1
github.com/tkeel-io/collectjs/pkg/json/gojsonq/helper.go:52.13,53.17 1 1
github.com/tkeel-io/collectjs/pkg/json/gojsonq/helper.go:54.13,55.17 1 1
github.com/tkeel-io/collectjs/pkg/json/gojsonq/helper.go:56.15,57.17 1 1
github.com/tkeel-io/collectjs/pkg/json/gojsonq/helper.go:58.15,59.8 1 1
github.com/tkeel-io/collectjs/pkg/json/gojsonq/helper.go:60.10,61.15 1 1
github.com/tkeel-io/collectjs/pkg/json/gojsonq/helper.go:67.59,71.25 4 1
github.com/tkeel-io/collectjs/pkg/json/gojsonq/helper.go:82.2,82.17 1 1
github.com/tkeel-io/collectjs/pkg/json/gojsonq/helper.go:92.2,92.17 1 1
github.com/tkeel-io/collectjs/pkg/json/gojsonq/helper.go:102.2,102.15 1 1
github.com/tkeel-io/collectjs/pkg/json/gojsonq/helper.go:71.25,73.31 1 1
github.com/tkeel-io/collectjs/pkg/json/gojsonq/helper.go:77.3,77.32 1 1
github.com/tkeel-io/collectjs/pkg/json/gojsonq/helper.go:73.31,75.4 1 1
github.com/tkeel-io/collectjs/pkg/json/gojsonq/helper.go:77.32,79.4 1 1
github.com/tkeel-io/collectjs/pkg/json/gojsonq/helper.go:82.17,83.10 1 1
github.com/tkeel-io/collectjs/pkg/json/gojsonq/helper.go:88.3,88.24 1 1
github.com/tkeel-io/collectjs/pkg/json/gojsonq/helper.go:83.10,85.4 1 1
github.com/tkeel-io/collectjs/pkg/json/gojsonq/helper.go:85.9,87.4 1 1
github.com/tkeel-io/collectjs/pkg/json/gojsonq/helper.go:88.24,90.4 1 1
github.com/tkeel-io/collectjs/pkg/json/gojsonq/helper.go:92.17,93.10 1 1
github.com/tkeel-io/collectjs/pkg/json/gojsonq/helper.go:98.3,98.24 1 1
github.com/tkeel-io/collectjs/pkg/json/gojsonq/helper.go:93.10,95.4 1 1
github.com/tkeel-io/collectjs/pkg/json/gojsonq/helper.go:95.9,97.4 1 1
github.com/tkeel-io/collectjs/pkg/json/gojsonq/helper.go:98.24,100.4 1 1
github.com/tkeel-io/collectjs/pkg/json/gojsonq/helper.go:114.42,117.2 2 1
github.com/tkeel-io/collectjs/pkg/json/gojsonq/helper.go:120.29,122.2 1 1
github.com/tkeel-io/collectjs/pkg/json/gojsonq/helper.go:125.34,126.11 1 1
github.com/tkeel-io/collectjs/pkg/json/gojsonq/helper.go:129.2,132.41 4 1
github.com/tkeel-io/collectjs/pkg/json/gojsonq/helper.go:126.11,128.3 1 1
github.com/tkeel-io/collectjs/pkg/json/gojsonq/helper.go:138.45,144.42 4 1
github.com/tkeel-io/collectjs/pkg/json/gojsonq/helper.go:156.2,157.10 2 1
github.com/tkeel-io/collectjs/pkg/json/gojsonq/helper.go:160.2,161.30 2 1
github.com/tkeel-io/collectjs/pkg/json/gojsonq/helper.go:166.2,166.8 1 1
github.com/tkeel-io/collectjs/pkg/json/gojsonq/helper.go:144.42,146.18 2 1
github.com/tkeel-io/collectjs/pkg/json/gojsonq/helper.go:149.3,150.18 2 1
github.com/tkeel-io/collectjs/pkg/json/gojsonq/helper.go:153.3,153.26 1 1
github.com/tkeel-io/collectjs/pkg/json/gojsonq/helper.go:146.18,148.4 1 1
github.com/tkeel-io/collectjs/pkg/json/gojsonq/helper.go:150.18,152.4 1 1
github.com/tkeel-io/collectjs/pkg/json/gojsonq/helper.go:157.10,159.3 1 1
github.com/tkeel-io/collectjs/pkg/json/gojsonq/helper.go:161.30,164.3 2 1
github.com/tkeel-io/collectjs/pkg/json/gojsonq/helper.go:170.56,171.32 1 1
github.com/tkeel-io/collectjs/pkg/json/gojsonq/helper.go:180.2,180.31 1 1
github.com/tkeel-io/collectjs/pkg/json/gojsonq/helper.go:189.2,189.8 1 1
github.com/tkeel-io/collectjs/pkg/json/gojsonq/helper.go:171.32,172.35 1 1
github.com/tkeel-io/collectjs/pkg/json/gojsonq/helper.go:172.35,173.14 1 1
github.com/tkeel-io/collectjs/pkg/json/gojsonq/helper.go:176.4,176.19 1 1
github.com/tkeel-io/collectjs/pkg/json/gojsonq/helper.go:173.14,175.5 1 1
github.com/tkeel-io/collectjs/pkg/json/gojsonq/helper.go:180.31,181.34 1 1
github.com/tkeel-io/collectjs/pkg/json/gojsonq/helper.go:181.34,182.14 1 1
github.com/tkeel-io/collectjs/pkg/json/gojsonq/helper.go:185.4,185.19 1 1
github.com/tkeel-io/collectjs/pkg/json/gojsonq/helper.go:182.14,184.5 1 1
github.com/tkeel-io/collectjs/pkg/json/gojsonq/helper.go:193.85,195.23 2 1
github.com/tkeel-io/collectjs/pkg/json/gojsonq/helper.go:230.2,230.19 1 1
github.com/tkeel-io/collectjs/pkg/json/gojsonq/helper.go:195.23,196.17 1 1
github.com/tkeel-io/collectjs/pkg/json/gojsonq/helper.go:196.17,198.44 1 1
github.com/tkeel-io/collectjs/pkg/json/gojsonq/helper.go:198.44,200.19 2 1
github.com/tkeel-io/collectjs/pkg/json/gojsonq/helper.go:203.5,205.22 2 1
github.com/tkeel-io/collectjs/pkg/json/gojsonq/helper.go:208.5,208.22 1 1
github.com/tkeel-io/collectjs/pkg/json/gojsonq/helper.go:200.19,202.6 1 1
github.com/tkeel-io/collectjs/pkg/json/gojsonq/helper.go:205.22,207.6 1 1
github.com/tkeel-io/collectjs/pkg/json/gojsonq/helper.go:210.9,213.52 2 1
github.com/tkeel-io/collectjs/pkg/json/gojsonq/helper.go:219.4,219.54 1 1
github.com/tkeel-io/collectjs/pkg/json/gojsonq/helper.go:224.4,224.18 1 1
github.com/tkeel-io/collectjs/pkg/json/gojsonq/helper.go:213.52,216.5 2 1
github.com/tkeel-io/collectjs/pkg/json/gojsonq/helper.go:219.54,222.5 2 1
github.com/tkeel-io/collectjs/pkg/json/gojsonq/helper.go:224.18,226.5 1 1
github.com/tkeel-io/collectjs/pkg/json/gojsonq/helper.go:236.55,241.33 4 1
github.com/tkeel-io/collectjs/pkg/json/gojsonq/helper.go:246.2,246.37 1 1
github.com/tkeel-io/collectjs/pkg/json/gojsonq/helper.go:251.2,251.15 1 1
github.com/tkeel-io/collectjs/pkg/json/gojsonq/helper.go:241.33,244.3 2 1
github.com/tkeel-io/collectjs/pkg/json/gojsonq/helper.go:246.37,249.3 2 1
github.com/tkeel-io/collectjs/pkg/json/gojsonq/helper.go:255.41,256.25 1 1
github.com/tkeel-io/collectjs/pkg/json/gojsonq/helper.go:257.14,258.23 1 1
github.com/tkeel-io/collectjs/pkg/json/gojsonq/helper.go:259.21,260.23 1 1
github.com/tkeel-io/collectjs/pkg/json/gojsonq/helper.go:261.30,262.23 1 1
github.com/tkeel-io/collectjs/pkg/json/gojsonq/helper.go:263.10,264.51 1 1
github.com/tkeel-io/collectjs/pkg/json/gojsonq/jsonq.go:12.40,20.33 2 1
github.com/tkeel-io/collectjs/pkg/json/gojsonq/jsonq.go:25.2,25.11 1 1
github.com/tkeel-io/collectjs/pkg/json/gojsonq/jsonq.go:20.33,21.36 1 1
github.com/tkeel-io/collectjs/pkg/json/gojsonq/jsonq.go:21.36,23.4 1 1
github.com/tkeel-io/collectjs/pkg/json/gojsonq/jsonq.go:57.33,59.2 1 1
github.com/tkeel-io/collectjs/pkg/json/gojsonq/jsonq.go:62.33,64.16 2 1
github.com/tkeel-io/collectjs/pkg/json/gojsonq/jsonq.go:67.2,68.10 2 1
github.com/tkeel-io/collectjs/pkg/json/gojsonq/jsonq.go:64.16,66.3 1 1
github.com/tkeel-io/collectjs/pkg/json/gojsonq/jsonq.go:73.31,76.2 2 1
github.com/tkeel-io/collectjs/pkg/json/gojsonq/jsonq.go:79.46,81.16 2 1
github.com/tkeel-io/collectjs/pkg/json/gojsonq/jsonq.go:84.2,85.19 2 1
github.com/tkeel-io/collectjs/pkg/json/gojsonq/jsonq.go:81.16,83.3 1 1
github.com/tkeel-io/collectjs/pkg/json/gojsonq/jsonq.go:90.48,92.2 1 0
github.com/tkeel-io/collectjs/pkg/json/gojsonq/jsonq.go:95.47,98.2 2 1
github.com/tkeel-io/collectjs/pkg/json/gojsonq/jsonq.go:101.44,104.16 3 1
github.com/tkeel-io/collectjs/pkg/json/gojsonq/jsonq.go:107.2,109.19 3 1
github.com/tkeel-io/collectjs/pkg/json/gojsonq/jsonq.go:104.16,106.3 1 1
github.com/tkeel-io/collectjs/pkg/json/gojsonq/jsonq.go:113.31,115.17 2 1
github.com/tkeel-io/collectjs/pkg/json/gojsonq/jsonq.go:118.2,118.20 1 1
github.com/tkeel-io/collectjs/pkg/json/gojsonq/jsonq.go:115.17,117.3 1 1
github.com/tkeel-io/collectjs/pkg/json/gojsonq/jsonq.go:122.34,124.2 1 1
github.com/tkeel-io/collectjs/pkg/json/gojsonq/jsonq.go:127.44,130.2 2 1
github.com/tkeel-io/collectjs/pkg/json/gojsonq/jsonq.go:133.61,134.39 1 1
github.com/tkeel-io/collectjs/pkg/json/gojsonq/jsonq.go:138.2,139.10 2 1
github.com/tkeel-io/collectjs/pkg/json/gojsonq/jsonq.go:134.39,137.3 2 1
github.com/tkeel-io/collectjs/pkg/json/gojsonq/jsonq.go:143.42,146.16 3 1
github.com/tkeel-io/collectjs/pkg/json/gojsonq/jsonq.go:149.2,150.10 2 1
github.com/tkeel-io/collectjs/pkg/json/gojsonq/jsonq.go:146.16,148.3 1 1
github.com/tkeel-io/collectjs/pkg/json/gojsonq/jsonq.go:154.53,155.26 1 1
github.com/tkeel-io/collectjs/pkg/json/gojsonq/jsonq.go:162.2,162.10 1 1
github.com/tkeel-io/collectjs/pkg/json/gojsonq/jsonq.go:156.71,158.36 2 1
github.com/tkeel-io/collectjs/pkg/json/gojsonq/jsonq.go:159.10,160.49 1 1
github.com/tkeel-io/collectjs/pkg/json/gojsonq/jsonq.go:166.53,169.2 2 1
github.com/tkeel-io/collectjs/pkg/json/gojsonq/jsonq.go:172.43,175.2 2 1
github.com/tkeel-io/collectjs/pkg/json/gojsonq/jsonq.go:178.33,179.51 1 1
github.com/tkeel-io/collectjs/pkg/json/gojsonq/jsonq.go:190.2,190.10 1 1
github.com/tkeel-io/collectjs/pkg/json/gojsonq/jsonq.go:179.51,180.26 1 1
github.com/tkeel-io/collectjs/pkg/json/gojsonq/jsonq.go:184.3,184.35 1 1
github.com/tkeel-io/collectjs/pkg/json/gojsonq/jsonq.go:180.26,183.4 2 1
github.com/tkeel-io/collectjs/pkg/json/gojsonq/jsonq.go:184.35,186.4 1 1
github.com/tkeel-io/collectjs/pkg/json/gojsonq/jsonq.go:186.9,188.4 1 1
github.com/tkeel-io/collectjs/pkg/json/gojsonq/jsonq.go:194.41,197.2 2 1
github.com/tkeel-io/collectjs/pkg/json/gojsonq/jsonq.go:200.32,201.51 1 1
github.com/tkeel-io/collectjs/pkg/json/gojsonq/jsonq.go:210.2,210.10 1 1
github.com/tkeel-io/collectjs/pkg/json/gojsonq/jsonq.go:201.51,202.26 1 1
github.com/tkeel-io/collectjs/pkg/json/gojsonq/jsonq.go:206.3,206.33 1 1
github.com/tkeel-io/collectjs/pkg/json/gojsonq/jsonq.go:202.26,205.4 2 1
github.com/tkeel-io/collectjs/pkg/json/gojsonq/jsonq.go:206.33,208.4 1 1
github.com/tkeel-io/collectjs/pkg/json/gojsonq/jsonq.go:214.65,220.46 2 1
github.com/tkeel-io/collectjs/pkg/json/gojsonq/jsonq.go:228.2,228.10 1 1
github.com/tkeel-io/collectjs/pkg/json/gojsonq/jsonq.go:220.46,224.3 3 1
github.com/tkeel-io/collectjs/pkg/json/gojsonq/jsonq.go:224.8,226.3 1 1
github.com/tkeel-io/collectjs/pkg/json/gojsonq/jsonq.go:232.64,234.2 1 1
github.com/tkeel-io/collectjs/pkg/json/gojsonq/jsonq.go:237.67,239.2 1 1
github.com/tkeel-io/collectjs/pkg/json/gojsonq/jsonq.go:242.45,244.2 1 1
github.com/tkeel-io/collectjs/pkg/json/gojsonq/jsonq.go:247.48,249.2 1 1
github.com/tkeel-io/collectjs/pkg/json/gojsonq/jsonq.go:252.61,255.2 2 1
github.com/tkeel-io/collectjs/pkg/json/gojsonq/jsonq.go:258.64,261.2 2 1
github.com/tkeel-io/collectjs/pkg/json/gojsonq/jsonq.go:264.67,274.2 5 1
github.com/tkeel-io/collectjs/pkg/json/gojsonq/jsonq.go:277.69,279.2 1 1
github.com/tkeel-io/collectjs/pkg/json/gojsonq/jsonq.go:282.67,284.2 1 1
github.com/tkeel-io/collectjs/pkg/json/gojsonq/jsonq.go:287.67,289.2 1 1
github.com/tkeel-io/collectjs/pkg/json/gojsonq/jsonq.go:293.73,295.2 1 1
github.com/tkeel-io/collectjs/pkg/json/gojsonq/jsonq.go:298.67,300.2 1 1
github.com/tkeel-io/collectjs/pkg/json/gojsonq/jsonq.go:303.70,305.2 1 1
github.com/tkeel-io/collectjs/pkg/json/gojsonq/jsonq.go:309.61,311.23 2 1
github.com/tkeel-io/collectjs/pkg/json/gojsonq/jsonq.go:316.2,316.15 1 1
github.com/tkeel-io/collectjs/pkg/json/gojsonq/jsonq.go:311.23,312.46 1 1
github.com/tkeel-io/collectjs/pkg/json/gojsonq/jsonq.go:312.46,314.4 1 1
github.com/tkeel-io/collectjs/pkg/json/gojsonq/jsonq.go:321.68,324.34 3 1
github.com/tkeel-io/collectjs/pkg/json/gojsonq/jsonq.go:346.2,346.14 1 1
github.com/tkeel-io/collectjs/pkg/json/gojsonq/jsonq.go:349.2,349.15 1 1
github.com/tkeel-io/collectjs/pkg/json/gojsonq/jsonq.go:324.34,326.27 2 1
github.com/tkeel-io/collectjs/pkg/json/gojsonq/jsonq.go:344.3,344.35 1 1
github.com/tkeel-io/collectjs/pkg/json/gojsonq/jsonq.go:326.27,328.11 2 1
github.com/tkeel-io/collectjs/pkg/json/gojsonq/jsonq.go:332.4,333.20 2 1
github.com/tkeel-io/collectjs/pkg/json/gojsonq/jsonq.go:328.11,331.5 2 1
github.com/tkeel-io/collectjs/pkg/json/gojsonq/jsonq.go:333.20,336.5 2 1
github.com/tkeel-io/collectjs/pkg/json/gojsonq/jsonq.go:336.10,338.19 2 1
github.com/tkeel-io/collectjs/pkg/json/gojsonq/jsonq.go:341.5,341.32 1 1
github.com/tkeel-io/collectjs/pkg/json/gojsonq/jsonq.go:338.19,340.6 1 1
github.com/tkeel-io/collectjs/pkg/json/gojsonq/jsonq.go:346.14,348.3 1 1
github.com/tkeel-io/collectjs/pkg/json/gojsonq/jsonq.go:353.39,354.49 1 1
github.com/tkeel-io/collectjs/pkg/json/gojsonq/jsonq.go:357.2,357.10 1 1
github.com/tkeel-io/collectjs/pkg/json/gojsonq/jsonq.go:354.49,356.3 1 1
github.com/tkeel-io/collectjs/pkg/json/gojsonq/jsonq.go:361.34,362.24 1 1
github.com/tkeel-io/collectjs/pkg/json/gojsonq/jsonq.go:365.2,365.30 1 1
github.com/tkeel-io/collectjs/pkg/json/gojsonq/jsonq.go:368.2,368.27 1 1
github.com/tkeel-io/collectjs/pkg/json/gojsonq/jsonq.go:371.2,372.10 2 1
github.com/tkeel-io/collectjs/pkg/json/gojsonq/jsonq.go:362.24,364.3 1 1
github.com/tkeel-io/collectjs/pkg/json/gojsonq/jsonq.go:365.30,367.3 1 1
github.com/tkeel-io/collectjs/pkg/json/gojsonq/jsonq.go:368.27,370.3 1 1
github.com/tkeel-io/collectjs/pkg/json/gojsonq/jsonq.go:376.49,380.49 3 1
github.com/tkeel-io/collectjs/pkg/json/gojsonq/jsonq.go:393.2,394.10 2 1
github.com/tkeel-io/collectjs/pkg/json/gojsonq/jsonq.go:380.49,381.24 1 1
github.com/tkeel-io/collectjs/pkg/json/gojsonq/jsonq.go:381.24,382.48 1 1
github.com/tkeel-io/collectjs/pkg/json/gojsonq/jsonq.go:382.48,384.19 2 1
github.com/tkeel-io/collectjs/pkg/json/gojsonq/jsonq.go:384.19,386.6 1 1
github.com/tkeel-io/collectjs/pkg/json/gojsonq/jsonq.go:386.11,388.6 1 1
github.com/tkeel-io/collectjs/pkg/json/gojsonq/jsonq.go:399.46,403.20 3 1
github.com/tkeel-io/collectjs/pkg/json/gojsonq/jsonq.go:406.2,406.42 1 1
github.com/tkeel-io/collectjs/pkg/json/gojsonq/jsonq.go:409.2,409.50 1 1
github.com/tkeel-io/collectjs/pkg/json/gojsonq/jsonq.go:412.2,412.10 1 1
github.com/tkeel-io/collectjs/pkg/json/gojsonq/jsonq.go:403.20,405.3 1 1
github.com/tkeel-io/collectjs/pkg/json/gojsonq/jsonq.go:406.42,408.3 1 1
github.com/tkeel-io/collectjs/pkg/json/gojsonq/jsonq.go:409.50,411.3 1 1
github.com/tkeel-io/collectjs/pkg/json/gojsonq/jsonq.go:417.48,420.21 3 1
github.com/tkeel-io/collectjs/pkg/json/gojsonq/jsonq.go:423.2,423.20 1 1
github.com/tkeel-io/collectjs/pkg/json/gojsonq/jsonq.go:427.2,427.42 1 1
github.com/tkeel-io/collectjs/pkg/json/gojsonq/jsonq.go:431.2,431.32 1 1
github.com/tkeel-io/collectjs/pkg/json/gojsonq/jsonq.go:420.21,422.3 1 1
github.com/tkeel-io/collectjs/pkg/json/gojsonq/jsonq.go:423.20,425.3 1 1
github.com/tkeel-io/collectjs/pkg/json/gojsonq/jsonq.go:427.42,429.3 1 1
github.com/tkeel-io/collectjs/pkg/json/gojsonq/jsonq.go:435.50,438.2 2 1
github.com/tkeel-io/collectjs/pkg/json/gojsonq/jsonq.go:441.35,444.49 3 1
github.com/tkeel-io/collectjs/pkg/json/gojsonq/jsonq.go:460.2,461.10 2 1
github.com/tkeel-io/collectjs/pkg/json/gojsonq/jsonq.go:444.49,445.24 1 1
github.com/tkeel-io/collectjs/pkg/json/gojsonq/jsonq.go:445.24,446.48 1 1
github.com/tkeel-io/collectjs/pkg/json/gojsonq/jsonq.go:446.48,448.19 2 1
github.com/tkeel-io/collectjs/pkg/json/gojsonq/jsonq.go:448.19,450.6 1 1
github.com/tkeel-io/collectjs/pkg/json/gojsonq/jsonq.go:450.11,451.44 1 1
github.com/tkeel-io/collectjs/pkg/json/gojsonq/jsonq.go:451.44,454.7 2 1
github.com/tkeel-io/collectjs/pkg/json/gojsonq/jsonq.go:465.58,467.9 2 1
github.com/tkeel-io/collectjs/pkg/json/gojsonq/jsonq.go:470.2,470.26 1 1
github.com/tkeel-io/collectjs/pkg/json/gojsonq/jsonq.go:474.2,477.10 4 1
github.com/tkeel-io/collectjs/pkg/json/gojsonq/jsonq.go:480.2,482.28 2 1
github.com/tkeel-io/collectjs/pkg/json/gojsonq/jsonq.go:487.2,488.10 2 1
github.com/tkeel-io/collectjs/pkg/json/gojsonq/jsonq.go:467.9,469.3 1 1
github.com/tkeel-io/collectjs/pkg/json/gojsonq/jsonq.go:470.26,472.3 1 1
github.com/tkeel-io/collectjs/pkg/json/gojsonq/jsonq.go:477.10,479.3 1 1
github.com/tkeel-io/collectjs/pkg/json/gojsonq/jsonq.go:482.28,484.3 1 1
github.com/tkeel-io/collectjs/pkg/json/gojsonq/jsonq.go:492.56,494.49 2 1
github.com/tkeel-io/collectjs/pkg/json/gojsonq/jsonq.go:511.2,511.15 1 1
github.com/tkeel-io/collectjs/pkg/json/gojsonq/jsonq.go:494.49,495.25 1 1
github.com/tkeel-io/collectjs/pkg/json/gojsonq/jsonq.go:495.25,497.36 2 1
github.com/tkeel-io/collectjs/pkg/json/gojsonq/jsonq.go:506.4,506.21 1 1
github.com/tkeel-io/collectjs/pkg/json/gojsonq/jsonq.go:497.36,500.20 3 1
github.com/tkeel-io/collectjs/pkg/json/gojsonq/jsonq.go:504.5,504.21 1 1
github.com/tkeel-io/collectjs/pkg/json/gojsonq/jsonq.go:500.20,502.14 2 1
github.com/tkeel-io/collectjs/pkg/json/gojsonq/jsonq.go:506.21,508.5 1 1
github.com/tkeel-io/collectjs/pkg/json/gojsonq/jsonq.go:515.56,517.2 1 1
github.com/tkeel-io/collectjs/pkg/json/gojsonq/jsonq.go:520.62,522.34 2 1
github.com/tkeel-io/collectjs/pkg/json/gojsonq/jsonq.go:525.2,525.26 1 1
github.com/tkeel-io/collectjs/pkg/json/gojsonq/jsonq.go:522.34,524.3 1 1
github.com/tkeel-io/collectjs/pkg/json/gojsonq/jsonq.go:529.52,531.30 2 1
github.com/tkeel-io/collectjs/pkg/json/gojsonq/jsonq.go:534.2,534.25 1 1
github.com/tkeel-io/collectjs/pkg/json/gojsonq/jsonq.go:537.2,538.49 2 1
github.com/tkeel-io/collectjs/pkg/json/gojsonq/jsonq.go:547.2,547.15 1 1
github.com/tkeel-io/collectjs/pkg/json/gojsonq/jsonq.go:531.30,533.3 1 1
github.com/tkeel-io/collectjs/pkg/json/gojsonq/jsonq.go:534.25,536.3 1 1
github.com/tkeel-io/collectjs/pkg/json/gojsonq/jsonq.go:538.49,539.25 1 1
github.com/tkeel-io/collectjs/pkg/json/gojsonq/jsonq.go:539.25,540.49 1 1
github.com/tkeel-io/collectjs/pkg/json/gojsonq/jsonq.go:540.49,541.34 1 1
github.com/tkeel-io/collectjs/pkg/json/gojsonq/jsonq.go:541.34,543.6 1 1
github.com/tkeel-io/collectjs/pkg/json/gojsonq/jsonq.go:551.58,553.34 2 1
github.com/tkeel-io/collectjs/pkg/json/gojsonq/jsonq.go:556.2,556.26 1 1
github.com/tkeel-io/collectjs/pkg/json/gojsonq/jsonq.go:553.34,555.3 1 1
github.com/tkeel-io/collectjs/pkg/json/gojsonq/jsonq.go:560.32,571.2 10 1
github.com/tkeel-io/collectjs/pkg/json/gojsonq/jsonq.go:574.32,576.2 1 1
github.com/tkeel-io/collectjs/pkg/json/gojsonq/jsonq.go:579.35,581.26 2 1
github.com/tkeel-io/collectjs/pkg/json/gojsonq/jsonq.go:584.2,584.25 1 1
github.com/tkeel-io/collectjs/pkg/json/gojsonq/jsonq.go:587.2,587.22 1 1
github.com/tkeel-io/collectjs/pkg/json/gojsonq/jsonq.go:581.26,583.3 1 1
github.com/tkeel-io/collectjs/pkg/json/gojsonq/jsonq.go:584.25,586.3 1 1
github.com/tkeel-io/collectjs/pkg/json/gojsonq/jsonq.go:591.41,593.34 2 1
github.com/tkeel-io/collectjs/pkg/json/gojsonq/jsonq.go:596.2,596.26 1 1
github.com/tkeel-io/collectjs/pkg/json/gojsonq/jsonq.go:593.34,595.3 1 1
github.com/tkeel-io/collectjs/pkg/json/gojsonq/jsonq.go:600.37,602.50 2 1
github.com/tkeel-io/collectjs/pkg/json/gojsonq/jsonq.go:607.2,607.14 1 1
github.com/tkeel-io/collectjs/pkg/json/gojsonq/jsonq.go:602.50,603.19 1 1
github.com/tkeel-io/collectjs/pkg/json/gojsonq/jsonq.go:603.19,605.4 1 1
github.com/tkeel-io/collectjs/pkg/json/gojsonq/jsonq.go:611.43,613.34 2 1
github.com/tkeel-io/collectjs/pkg/json/gojsonq/jsonq.go:616.2,616.26 1 1
github.com/tkeel-io/collectjs/pkg/json/gojsonq/jsonq.go:613.34,615.3 1 1
github.com/tkeel-io/collectjs/pkg/json/gojsonq/jsonq.go:620.36,622.50 2 1
github.com/tkeel-io/collectjs/pkg/json/gojsonq/jsonq.go:627.2,627.14 1 1
github.com/tkeel-io/collectjs/pkg/json/gojsonq/jsonq.go:622.50,623.27 1 1
github.com/tkeel-io/collectjs/pkg/json/gojsonq/jsonq.go:623.27,625.4 1 1
github.com/tkeel-io/collectjs/pkg/json/gojsonq/jsonq.go:631.42,633.34 2 1
github.com/tkeel-io/collectjs/pkg/json/gojsonq/jsonq.go:636.2,636.26 1 1
github.com/tkeel-io/collectjs/pkg/json/gojsonq/jsonq.go:633.34,635.3 1 1
github.com/tkeel-io/collectjs/pkg/json/gojsonq/jsonq.go:640.44,641.16 1 1
github.com/tkeel-io/collectjs/pkg/json/gojsonq/jsonq.go:646.2,647.50 2 1
github.com/tkeel-io/collectjs/pkg/json/gojsonq/jsonq.go:662.2,662.14 1 1
github.com/tkeel-io/collectjs/pkg/json/gojsonq/jsonq.go:641.16,644.3 2 1
github.com/tkeel-io/collectjs/pkg/json/gojsonq/jsonq.go:647.50,649.16 2 1
github.com/tkeel-io/collectjs/pkg/json/gojsonq/jsonq.go:653.3,653.24 1 1
github.com/tkeel-io/collectjs/pkg/json/gojsonq/jsonq.go:657.3,657.16 1 1
github.com/tkeel-io/collectjs/pkg/json/gojsonq/jsonq.go:660.3,660.25 1 1
github.com/tkeel-io/collectjs/pkg/json/gojsonq/jsonq.go:649.16,652.4 2 1
github.com/tkeel-io/collectjs/pkg/json/gojsonq/jsonq.go:653.24,656.4 2 1
github.com/tkeel-io/collectjs/pkg/json/gojsonq/jsonq.go:657.16,659.4 1 1
github.com/tkeel-io/collectjs/pkg/json/gojsonq/jsonq.go:666.50,668.34 2 1
github.com/tkeel-io/collectjs/pkg/json/gojsonq/jsonq.go:671.2,671.26 1 1
github.com/tkeel-io/collectjs/pkg/json/gojsonq/jsonq.go:668.34,670.3 1 1
github.com/tkeel-io/collectjs/pkg/json/gojsonq/jsonq.go:675.47,677.2 1 1
github.com/tkeel-io/collectjs/pkg/json/gojsonq/jsonq.go:680.53,682.34 2 1
github.com/tkeel-io/collectjs/pkg/json/gojsonq/jsonq.go:685.2,685.26 1 1
github.com/tkeel-io/collectjs/pkg/json/gojsonq/jsonq.go:682.34,684.3 1 1
github.com/tkeel-io/collectjs/pkg/json/gojsonq/jsonq.go:690.29,694.51 3 1
github.com/tkeel-io/collectjs/pkg/json/gojsonq/jsonq.go:698.2,698.57 1 1
github.com/tkeel-io/collectjs/pkg/json/gojsonq/jsonq.go:702.2,702.59 1 1
github.com/tkeel-io/collectjs/pkg/json/gojsonq/jsonq.go:706.2,706.13 1 1
github.com/tkeel-io/collectjs/pkg/json/gojsonq/jsonq.go:694.51,696.3 1 1
github.com/tkeel-io/collectjs/pkg/json/gojsonq/jsonq.go:698.57,700.3 1 1
github.com/tkeel-io/collectjs/pkg/json/gojsonq/jsonq.go:702.59,704.3 1 1
github.com/tkeel-io/collectjs/pkg/json/gojsonq/jsonq.go:710.36,712.16 2 1
github.com/tkeel-io/collectjs/pkg/json/gojsonq/jsonq.go:716.2,716.49 1 1
github.com/tkeel-io/collectjs/pkg/json/gojsonq/jsonq.go:712.16,715.3 2 1
github.com/tkeel-io/collectjs/pkg/json/gojsonq/jsonq.go:716.49,718.3 1 1
github.com/tkeel-io/collectjs/pkg/json/gojsonq/jsonq.go:722.37,724.16 2 1
[...]
github.com/tkeel-io/collectjs/pkg/json/jsonparser/benchmark/benchmark_ffjson.go:2666.34,2667.32 1 0
github.com/tkeel-io/collectjs/pkg/json/jsonparser/benchmark/benchmark_ffjson.go:2676.31,2678.40 1 0
github.com/tkeel-io/collectjs/pkg/json/jsonparser/benchmark/benchmark_ffjson.go:2681.4,2681.33 1 0
github.com/tkeel-io/collectjs/pkg/json/jsonparser/benchmark/benchmark_ffjson.go:2686.4,2687.20 2 0
github.com/tkeel-io/collectjs/pkg/json/jsonparser/benchmark/benchmark_ffjson.go:2819.33,2820.32 1 0
github.com/tkeel-io/collectjs/pkg/json/jsonparser/benchmark/benchmark_ffjson.go:2824.4,2825.12 2 0
github.com/tkeel-io/collectjs/pkg/json/jsonparser/benchmark/benchmark_ffjson.go:2826.33,2828.214 1 0
github.com/tkeel-io/collectjs/pkg/json/jsonparser/benchmark/benchmark_ffjson.go:2659.39,2661.25 2 0
github.com/tkeel-io/collectjs/pkg/json/jsonparser/benchmark/benchmark_ffjson.go:2667.32,2669.5 1 0
github.com/tkeel-io/collectjs/pkg/json/jsonparser/benchmark/benchmark_ffjson.go:2669.10,2669.47 1 0
github.com/tkeel-io/collectjs/pkg/json/jsonparser/benchmark/benchmark_ffjson.go:2669.47,2670.14 1 0
github.com/tkeel-io/collectjs/pkg/json/jsonparser/benchmark/benchmark_ffjson.go:2671.10,2673.25 2 0
github.com/tkeel-io/collectjs/pkg/json/jsonparser/benchmark/benchmark_ffjson.go:2678.40,2679.14 1 0
github.com/tkeel-io/collectjs/pkg/json/jsonparser/benchmark/benchmark_ffjson.go:2681.33,2683.25 2 0
github.com/tkeel-io/collectjs/pkg/json/jsonparser/benchmark/benchmark_ffjson.go:2687.20,2691.19 3 0
github.com/tkeel-io/collectjs/pkg/json/jsonparser/benchmark/benchmark_ffjson.go:2692.10,2693.18 1 0
github.com/tkeel-io/collectjs/pkg/json/jsonparser/benchmark/benchmark_ffjson.go:2760.5,2760.64 1 0
github.com/tkeel-io/collectjs/pkg/json/jsonparser/benchmark/benchmark_ffjson.go:2766.5,2766.65 1 0
github.com/tkeel-io/collectjs/pkg/json/jsonparser/benchmark/benchmark_ffjson.go:2772.5,2772.65 1 0
github.com/tkeel-io/collectjs/pkg/json/jsonparser/benchmark/benchmark_ffjson.go:2778.5,2778.65 1 0
github.com/tkeel-io/collectjs/pkg/json/jsonparser/benchmark/benchmark_ffjson.go:2784.5,2784.67 1 0
github.com/tkeel-io/collectjs/pkg/json/jsonparser/benchmark/benchmark_ffjson.go:2790.5,2790.65 1 0
github.com/tkeel-io/collectjs/pkg/json/jsonparser/benchmark/benchmark_ffjson.go:2796.5,2796.65 1 0
github.com/tkeel-io/collectjs/pkg/json/jsonparser/benchmark/benchmark_ffjson.go:2802.5,2802.59 1 0
github.com/tkeel-io/collectjs/pkg/json/jsonparser/benchmark/benchmark_ffjson.go:2808.5,2808.58 1 0
github.com/tkeel-io/collectjs/pkg/json/jsonparser/benchmark/benchmark_ffjson.go:2814.5,2816.19 3 0
github.com/tkeel-io/collectjs/pkg/json/jsonparser/benchmark/benchmark_ffjson.go:2695.14,2697.50 1 0
github.com/tkeel-io/collectjs/pkg/json/jsonparser/benchmark/benchmark_ffjson.go:2703.14,2705.50 1 0
github.com/tkeel-io/collectjs/pkg/json/jsonparser/benchmark/benchmark_ffjson.go:2711.14,2713.50 1 0
github.com/tkeel-io/collectjs/pkg/json/jsonparser/benchmark/benchmark_ffjson.go:2724.14,2726.50 1 0
github.com/tkeel-io/collectjs/pkg/json/jsonparser/benchmark/benchmark_ffjson.go:2737.14,2739.52 1 0
github.com/tkeel-io/collectjs/pkg/json/jsonparser/benchmark/benchmark_ffjson.go:2750.14,2752.49 1 0
github.com/tkeel-io/collectjs/pkg/json/jsonparser/benchmark/benchmark_ffjson.go:2697.50,2700.21 3 0
github.com/tkeel-io/collectjs/pkg/json/jsonparser/benchmark/benchmark_ffjson.go:2705.50,2708.21 3 0
github.com/tkeel-io/collectjs/pkg/json/jsonparser/benchmark/benchmark_ffjson.go:2713.50,2716.21 3 0
github.com/tkeel-io/collectjs/pkg/json/jsonparser/benchmark/benchmark_ffjson.go:2718.12,2718.58 1 0
github.com/tkeel-io/collectjs/pkg/json/jsonparser/benchmark/benchmark_ffjson.go:2718.58,2721.21 3 0
github.com/tkeel-io/collectjs/pkg/json/jsonparser/benchmark/benchmark_ffjson.go:2726.50,2729.21 3 0
github.com/tkeel-io/collectjs/pkg/json/jsonparser/benchmark/benchmark_ffjson.go:2731.12,2731.57 1 0
github.com/tkeel-io/collectjs/pkg/json/jsonparser/benchmark/benchmark_ffjson.go:2731.57,2734.21 3 0
github.com/tkeel-io/collectjs/pkg/json/jsonparser/benchmark/benchmark_ffjson.go:2739.52,2742.21 3 0
github.com/tkeel-io/collectjs/pkg/json/jsonparser/benchmark/benchmark_ffjson.go:2744.12,2744.57 1 0
github.com/tkeel-io/collectjs/pkg/json/jsonparser/benchmark/benchmark_ffjson.go:2744.57,2747.21 3 0
github.com/tkeel-io/collectjs/pkg/json/jsonparser/benchmark/benchmark_ffjson.go:2752.49,2755.21 3 0
github.com/tkeel-io/collectjs/pkg/json/jsonparser/benchmark/benchmark_ffjson.go:2760.64,2763.20 3 0
github.com/tkeel-io/collectjs/pkg/json/jsonparser/benchmark/benchmark_ffjson.go:2766.65,2769.20 3 0
github.com/tkeel-io/collectjs/pkg/json/jsonparser/benchmark/benchmark_ffjson.go:2772.65,2775.20 3 0
github.com/tkeel-io/collectjs/pkg/json/jsonparser/benchmark/benchmark_ffjson.go:2778.65,2781.20 3 0
github.com/tkeel-io/collectjs/pkg/json/jsonparser/benchmark/benchmark_ffjson.go:2784.67,2787.20 3 0
github.com/tkeel-io/collectjs/pkg/json/jsonparser/benchmark/benchmark_ffjson.go:2790.65,2793.20 3 0
github.com/tkeel-io/collectjs/pkg/json/jsonparser/benchmark/benchmark_ffjson.go:2796.65,2799.20 3 0
github.com/tkeel-io/collectjs/pkg/json/jsonparser/benchmark/benchmark_ffjson.go:2802.59,2805.20 3 0
github.com/tkeel-io/collectjs/pkg/json/jsonparser/benchmark/benchmark_ffjson.go:2808.58,2811.20 3 0
github.com/tkeel-io/collectjs/pkg/json/jsonparser/benchmark/benchmark_ffjson.go:2820.32,2822.25 2 0
github.com/tkeel-io/collectjs/pkg/json/jsonparser/benchmark/benchmark_ffjson.go:2828.214,2829.23 1 0
github.com/tkeel-io/collectjs/pkg/json/jsonparser/benchmark/benchmark_ffjson.go:2831.32,2832.20 1 0
github.com/tkeel-io/collectjs/pkg/json/jsonparser/benchmark/benchmark_ffjson.go:2834.33,2835.21 1 0
github.com/tkeel-io/collectjs/pkg/json/jsonparser/benchmark/benchmark_ffjson.go:2837.32,2838.20 1 0
github.com/tkeel-io/collectjs/pkg/json/jsonparser/benchmark/benchmark_ffjson.go:2840.32,2841.20 1 0
github.com/tkeel-io/collectjs/pkg/json/jsonparser/benchmark/benchmark_ffjson.go:2843.34,2844.22 1 0
github.com/tkeel-io/collectjs/pkg/json/jsonparser/benchmark/benchmark_ffjson.go:2846.32,2847.20 1 0
github.com/tkeel-io/collectjs/pkg/json/jsonparser/benchmark/benchmark_ffjson.go:2849.32,2850.20 1 0
github.com/tkeel-io/collectjs/pkg/json/jsonparser/benchmark/benchmark_ffjson.go:2852.32,2853.20 1 0
github.com/tkeel-io/collectjs/pkg/json/jsonparser/benchmark/benchmark_ffjson.go:2855.31,2856.19 1 0
github.com/tkeel-io/collectjs/pkg/json/jsonparser/benchmark/benchmark_ffjson.go:2858.40,2860.20 2 0
github.com/tkeel-io/collectjs/pkg/json/jsonparser/benchmark/benchmark_ffjson.go:2863.6,2864.20 2 0
github.com/tkeel-io/collectjs/pkg/json/jsonparser/benchmark/benchmark_ffjson.go:2860.20,2862.7 1 0
github.com/tkeel-io/collectjs/pkg/json/jsonparser/benchmark/benchmark_ffjson.go:2866.10,2867.21 1 0
github.com/tkeel-io/collectjs/pkg/json/jsonparser/benchmark/benchmark_ffjson.go:2876.2,2877.60 1 0
github.com/tkeel-io/collectjs/pkg/json/jsonparser/benchmark/benchmark_ffjson.go:2877.60,2879.4 1 0
github.com/tkeel-io/collectjs/pkg/json/jsonparser/benchmark/benchmark_ffjson.go:2882.2,2884.30 1 0
github.com/tkeel-io/collectjs/pkg/json/jsonparser/benchmark/benchmark_ffjson.go:2884.31,2886.4 0 0
github.com/tkeel-io/collectjs/pkg/json/jsonparser/benchmark/benchmark_ffjson.go:2886.9,2890.18 2 0
github.com/tkeel-io/collectjs/pkg/json/jsonparser/benchmark/benchmark_ffjson.go:2894.4,2894.21 1 0
github.com/tkeel-io/collectjs/pkg/json/jsonparser/benchmark/benchmark_ffjson.go:2890.18,2892.5 1 0
github.com/tkeel-io/collectjs/pkg/json/jsonparser/benchmark/benchmark_ffjson.go:2906.2,2907.60 1 0
github.com/tkeel-io/collectjs/pkg/json/jsonparser/benchmark/benchmark_ffjson.go:2907.60,2909.4 1 0
github.com/tkeel-io/collectjs/pkg/json/jsonparser/benchmark/benchmark_ffjson.go:2912.2,2914.30 1 0
github.com/tkeel-io/collectjs/pkg/json/jsonparser/benchmark/benchmark_ffjson.go:2914.31,2916.4 0 0
github.com/tkeel-io/collectjs/pkg/json/jsonparser/benchmark/benchmark_ffjson.go:2916.9,2920.18 2 0
github.com/tkeel-io/collectjs/pkg/json/jsonparser/benchmark/benchmark_ffjson.go:2924.4,2924.22 1 0
github.com/tkeel-io/collectjs/pkg/json/jsonparser/benchmark/benchmark_ffjson.go:2920.18,2922.5 1 0
github.com/tkeel-io/collectjs/pkg/json/jsonparser/benchmark/benchmark_ffjson.go:2936.2,2938.3 1 0
github.com/tkeel-io/collectjs/pkg/json/jsonparser/benchmark/benchmark_ffjson.go:2944.3,2944.30 1 0
github.com/tkeel-io/collectjs/pkg/json/jsonparser/benchmark/benchmark_ffjson.go:2938.3,2939.60 1 0
github.com/tkeel-io/collectjs/pkg/json/jsonparser/benchmark/benchmark_ffjson.go:2939.60,2941.5 1 0
github.com/tkeel-io/collectjs/pkg/json/jsonparser/benchmark/benchmark_ffjson.go:2944.31,2946.4 0 0
github.com/tkeel-io/collectjs/pkg/json/jsonparser/benchmark/benchmark_ffjson.go:2946.9,2952.4 2 0
github.com/tkeel-io/collectjs/pkg/json/jsonparser/benchmark/benchmark_ffjson.go:2962.2,2963.60 1 0
github.com/tkeel-io/collectjs/pkg/json/jsonparser/benchmark/benchmark_ffjson.go:2963.60,2965.4 1 0
github.com/tkeel-io/collectjs/pkg/json/jsonparser/benchmark/benchmark_ffjson.go:2968.2,2970.30 1 0
github.com/tkeel-io/collectjs/pkg/json/jsonparser/benchmark/benchmark_ffjson.go:2970.31,2972.4 0 0
github.com/tkeel-io/collectjs/pkg/json/jsonparser/benchmark/benchmark_ffjson.go:2972.9,2976.18 2 0
github.com/tkeel-io/collectjs/pkg/json/jsonparser/benchmark/benchmark_ffjson.go:2980.4,2980.21 1 0
github.com/tkeel-io/collectjs/pkg/json/jsonparser/benchmark/benchmark_ffjson.go:2976.18,2978.5 1 0
github.com/tkeel-io/collectjs/pkg/json/jsonparser/benchmark/benchmark_ffjson.go:2992.2,2994.3 1 0
github.com/tkeel-io/collectjs/pkg/json/jsonparser/benchmark/benchmark_ffjson.go:3000.3,3000.30 1 0
github.com/tkeel-io/collectjs/pkg/json/jsonparser/benchmark/benchmark_ffjson.go:2994.3,2995.60 1 0
github.com/tkeel-io/collectjs/pkg/json/jsonparser/benchmark/benchmark_ffjson.go:2995.60,2997.5 1 0
github.com/tkeel-io/collectjs/pkg/json/jsonparser/benchmark/benchmark_ffjson.go:3000.31,3002.4 0 0
github.com/tkeel-io/collectjs/pkg/json/jsonparser/benchmark/benchmark_ffjson.go:3002.9,3008.4 2 0
github.com/tkeel-io/collectjs/pkg/json/jsonparser/benchmark/benchmark_ffjson.go:3018.2,3020.3 1 0
github.com/tkeel-io/collectjs/pkg/json/jsonparser/benchmark/benchmark_ffjson.go:3026.3,3026.30 1 0
github.com/tkeel-io/collectjs/pkg/json/jsonparser/benchmark/benchmark_ffjson.go:3020.3,3021.60 1 0
github.com/tkeel-io/collectjs/pkg/json/jsonparser/benchmark/benchmark_ffjson.go:3021.60,3023.5 1 0
github.com/tkeel-io/collectjs/pkg/json/jsonparser/benchmark/benchmark_ffjson.go:3026.31,3028.4 0 0
github.com/tkeel-io/collectjs/pkg/json/jsonparser/benchmark/benchmark_ffjson.go:3028.9,3034.4 2 0
github.com/tkeel-io/collectjs/pkg/json/jsonparser/benchmark/benchmark_ffjson.go:3044.2,3046.3 1 0
github.com/tkeel-io/collectjs/pkg/json/jsonparser/benchmark/benchmark_ffjson.go:3052.3,3052.30 1 0
github.com/tkeel-io/collectjs/pkg/json/jsonparser/benchmark/benchmark_ffjson.go:3046.3,3047.60 1 0
github.com/tkeel-io/collectjs/pkg/json/jsonparser/benchmark/benchmark_ffjson.go:3047.60,3049.5 1 0
github.com/tkeel-io/collectjs/pkg/json/jsonparser/benchmark/benchmark_ffjson.go:3052.31,3054.4 0 0
github.com/tkeel-io/collectjs/pkg/json/jsonparser/benchmark/benchmark_ffjson.go:3054.9,3060.4 2 0
github.com/tkeel-io/collectjs/pkg/json/jsonparser/benchmark/benchmark_ffjson.go:3070.2,3071.60 1 0
github.com/tkeel-io/collectjs/pkg/json/jsonparser/benchmark/benchmark_ffjson.go:3071.60,3073.4 1 0
github.com/tkeel-io/collectjs/pkg/json/jsonparser/benchmark/benchmark_ffjson.go:3076.2,3078.30 1 0
github.com/tkeel-io/collectjs/pkg/json/jsonparser/benchmark/benchmark_ffjson.go:3078.31,3080.4 0 0
github.com/tkeel-io/collectjs/pkg/json/jsonparser/benchmark/benchmark_ffjson.go:3080.9,3084.18 2 0
github.com/tkeel-io/collectjs/pkg/json/jsonparser/benchmark/benchmark_ffjson.go:3088.4,3088.21 1 0
github.com/tkeel-io/collectjs/pkg/json/jsonparser/benchmark/benchmark_ffjson.go:3084.18,3086.5 1 0
github.com/tkeel-io/collectjs/pkg/json/jsonparser/benchmark/benchmark_ffjson.go:3100.2,3101.60 1 0
github.com/tkeel-io/collectjs/pkg/json/jsonparser/benchmark/benchmark_ffjson.go:3101.60,3103.4 1 0
github.com/tkeel-io/collectjs/pkg/json/jsonparser/benchmark/benchmark_ffjson.go:3106.2,3108.30 1 0
github.com/tkeel-io/collectjs/pkg/json/jsonparser/benchmark/benchmark_ffjson.go:3108.31,3110.4 0 0
github.com/tkeel-io/collectjs/pkg/json/jsonparser/benchmark/benchmark_ffjson.go:3110.9,3114.18 2 0
github.com/tkeel-io/collectjs/pkg/json/jsonparser/benchmark/benchmark_ffjson.go:3118.4,3118.20 1 0
github.com/tkeel-io/collectjs/pkg/json/jsonparser/benchmark/benchmark_ffjson.go:3114.18,3116.5 1 0
github.com/tkeel-io/collectjs/pkg/json/jsonparser/benchmark/benchmark_ffjson.go:3131.24,3133.3 1 0
github.com/tkeel-io/collectjs/pkg/json/jsonparser/benchmark/benchmark_ffjson.go:3135.16,3137.3 1 0
github.com/tkeel-io/collectjs/collectjs.go:21.31,23.2 1 1
github.com/tkeel-io/collectjs/collectjs.go:25.35,27.2 1 0
github.com/tkeel-io/collectjs/collectjs.go:29.39,33.62 4 1
github.com/tkeel-io/collectjs/collectjs.go:33.62,38.3 4 1
github.com/tkeel-io/collectjs/collectjs.go:38.8,41.3 2 0
github.com/tkeel-io/collectjs/collectjs.go:45.36,47.2 1 0
github.com/tkeel-io/collectjs/collectjs.go:50.37,52.2 1 0
github.com/tkeel-io/collectjs/collectjs.go:55.41,57.2 1 0
github.com/tkeel-io/collectjs/collectjs.go:59.46,62.2 2 1
github.com/tkeel-io/collectjs/collectjs.go:64.51,66.2 1 1
github.com/tkeel-io/collectjs/collectjs.go:68.54,70.2 1 1
github.com/tkeel-io/collectjs/collectjs.go:72.40,74.2 1 1
github.com/tkeel-io/collectjs/collectjs.go:76.36,78.2 1 1
github.com/tkeel-io/collectjs/collectjs.go:82.63,84.2 1 1
github.com/tkeel-io/collectjs/collectjs.go:86.42,88.44 2 1
github.com/tkeel-io/collectjs/collectjs.go:92.2,92.45 1 1
github.com/tkeel-io/collectjs/collectjs.go:88.44,91.3 2 1
github.com/tkeel-io/collectjs/collectjs.go:95.50,100.2 4 0
github.com/tkeel-io/collectjs/collectjs.go:102.67,103.73 1 1
github.com/tkeel-io/collectjs/collectjs.go:107.2,108.44 2 1
github.com/tkeel-io/collectjs/collectjs.go:111.2,114.25 3 1
github.com/tkeel-io/collectjs/collectjs.go:117.2,118.28 2 1
github.com/tkeel-io/collectjs/collectjs.go:103.73,106.3 2 0
github.com/tkeel-io/collectjs/collectjs.go:108.44,110.3 1 1
github.com/tkeel-io/collectjs/collectjs.go:114.25,116.3 1 1
github.com/tkeel-io/collectjs/collectjs.go:121.56,124.39 3 1
github.com/tkeel-io/collectjs/collectjs.go:130.2,136.46 2 1
github.com/tkeel-io/collectjs/collectjs.go:143.2,143.22 1 1
github.com/tkeel-io/collectjs/collectjs.go:124.39,126.3 1 0
github.com/tkeel-io/collectjs/collectjs.go:126.8,126.48 1 1
github.com/tkeel-io/collectjs/collectjs.go:126.48,128.3 1 0
github.com/tkeel-io/collectjs/collectjs.go:136.46,138.69 2 1
github.com/tkeel-io/collectjs/collectjs.go:141.3,141.8 1 1
github.com/tkeel-io/collectjs/collectjs.go:138.69,140.4 1 0
github.com/tkeel-io/collectjs/collectjs.go:146.56,148.36 2 1
github.com/tkeel-io/collectjs/collectjs.go:152.2,154.43 3 1
github.com/tkeel-io/collectjs/collectjs.go:164.2,164.19 1 1
github.com/tkeel-io/collectjs/collectjs.go:148.36,150.3 1 0
github.com/tkeel-io/collectjs/collectjs.go:154.43,156.25 2 1
github.com/tkeel-io/collectjs/collectjs.go:159.3,160.68 2 1
github.com/tkeel-io/collectjs/collectjs.go:156.25,158.4 1 0
github.com/tkeel-io/collectjs/collectjs.go:160.68,162.4 1 0
github.com/tkeel-io/collectjs/collectjs.go:167.60,169.36 2 1
github.com/tkeel-io/collectjs/collectjs.go:173.2,175.43 3 1
github.com/tkeel-io/collectjs/collectjs.go:198.2,198.25 1 1
github.com/tkeel-io/collectjs/collectjs.go:169.36,171.3 1 0
github.com/tkeel-io/collectjs/collectjs.go:175.43,177.30 2 1
github.com/tkeel-io/collectjs/collectjs.go:185.3,185.21 1 1
github.com/tkeel-io/collectjs/collectjs.go:189.3,193.57 5 1
github.com/tkeel-io/collectjs/collectjs.go:196.3,196.31 1 1
github.com/tkeel-io/collectjs/collectjs.go:177.30,179.26 2 1
github.com/tkeel-io/collectjs/collectjs.go:182.4,182.60 1 1
github.com/tkeel-io/collectjs/collectjs.go:179.26,180.10 1 0
github.com/tkeel-io/collectjs/collectjs.go:185.21,187.4 1 0
github.com/tkeel-io/collectjs/collectjs.go:193.57,195.4 1 0
github.com/tkeel-io/collectjs/collectjs.go:201.54,203.36 2 1
github.com/tkeel-io/collectjs/collectjs.go:207.2,209.43 3 1
github.com/tkeel-io/collectjs/collectjs.go:216.2,216.17 1 1
github.com/tkeel-io/collectjs/collectjs.go:203.36,205.3 1 0
github.com/tkeel-io/collectjs/collectjs.go:209.43,211.61 2 1
github.com/tkeel-io/collectjs/collectjs.go:214.3,214.58 1 1
github.com/tkeel-io/collectjs/collectjs.go:211.61,213.4 1 1
github.com/tkeel-io/collectjs/collectjs.go:219.64,220.24 1 1
github.com/tkeel-io/collectjs/collectjs.go:226.2,228.38 3 1
github.com/tkeel-io/collectjs/collectjs.go:234.2,234.44 1 1
github.com/tkeel-io/collectjs/collectjs.go:238.2,238.23 1 1
github.com/tkeel-io/collectjs/collectjs.go:220.24,222.3 1 1
github.com/tkeel-io/collectjs/collectjs.go:222.8,222.33 1 1
github.com/tkeel-io/collectjs/collectjs.go:222.33,224.3 1 0
github.com/tkeel-io/collectjs/collectjs.go:228.38,230.3 1 0
github.com/tkeel-io/collectjs/collectjs.go:230.8,230.45 1 1
github.com/tkeel-io/collectjs/collectjs.go:230.45,232.3 1 0
github.com/tkeel-io/collectjs/collectjs.go:234.44,236.3 1 1
github.com/tkeel-io/collectjs/collectjs.go:241.53,243.36 2 0
github.com/tkeel-io/collectjs/collectjs.go:247.2,249.43 3 0
github.com/tkeel-io/collectjs/collectjs.go:259.2,259.19 1 0
github.com/tkeel-io/collectjs/collectjs.go:243.36,245.3 1 0
github.com/tkeel-io/collectjs/collectjs.go:249.43,251.61 2 0
github.com/tkeel-io/collectjs/collectjs.go:254.3,254.77 1 0
github.com/tkeel-io/collectjs/collectjs.go:251.61,253.4 1 0
github.com/tkeel-io/collectjs/collectjs.go:254.77,256.4 1 0
github.com/tkeel-io/collectjs/patch.go:11.73,14.73 2 1
github.com/tkeel-io/collectjs/patch.go:17.2,19.28 3 1
github.com/tkeel-io/collectjs/patch.go:22.2,22.52 1 1
github.com/tkeel-io/collectjs/patch.go:14.73,16.3 1 1
github.com/tkeel-io/collectjs/patch.go:19.28,21.3 1 1
github.com/tkeel-io/collectjs/patch.go:25.68,26.18 1 1
github.com/tkeel-io/collectjs/patch.go:34.2,34.12 1 0
github.com/tkeel-io/collectjs/patch.go:27.25,30.15 1 1
github.com/tkeel-io/collectjs/patch.go:31.10,32.15 1 1
github.com/tkeel-io/collectjs/patch.go:37.65,40.2 2 1
github.com/tkeel-io/collectjs/patch.go:41.68,44.2 2 1
github.com/tkeel-io/collectjs/patch.go:46.45,47.25 1 1
github.com/tkeel-io/collectjs/patch.go:51.2,51.12 1 1
github.com/tkeel-io/collectjs/patch.go:47.25,50.3 2 1
github.com/tkeel-io/collectjs/patch.go:54.99,56.35 1 1
github.com/tkeel-io/collectjs/patch.go:64.2,64.34 1 1
github.com/tkeel-io/collectjs/patch.go:72.2,72.12 1 1
github.com/tkeel-io/collectjs/patch.go:56.35,57.110 1 1
github.com/tkeel-io/collectjs/patch.go:57.110,60.4 2 1
github.com/tkeel-io/collectjs/patch.go:64.34,66.97 2 1
github.com/tkeel-io/collectjs/patch.go:66.97,70.4 3 1
github.com/tkeel-io/collectjs/sort.go:15.40,21.2 2 1
github.com/tkeel-io/collectjs/sort.go:30.35,32.2 1 1
github.com/tkeel-io/collectjs/sort.go:35.40,37.2 1 1
github.com/tkeel-io/collectjs/sort.go:40.45,42.2 1 1
github.com/tkeel-io/collectjs/utils.go:10.30,12.2 1 1
github.com/tkeel-io/collectjs/utils.go:14.44,16.19 2 1
github.com/tkeel-io/collectjs/utils.go:23.2,23.36 1 1
github.com/tkeel-io/collectjs/utils.go:26.2,26.13 1 1
github.com/tkeel-io/collectjs/utils.go:16.19,17.49 1 1
github.com/tkeel-io/collectjs/utils.go:20.3,21.34 2 1
github.com/tkeel-io/collectjs/utils.go:17.49,19.4 1 1
github.com/tkeel-io/collectjs/utils.go:23.36,25.3 1 1
github.com/tkeel-io/collectjs/utils.go:29.37,32.37 3 1
github.com/tkeel-io/collectjs/utils.go:35.2,35.13 1 1
github.com/tkeel-io/collectjs/utils.go:32.37,34.3 1 0
github.com/tkeel-io/collectjs/utils.go:38.57,39.18 1 1
github.com/tkeel-io/collectjs/utils.go:40.31,41.28 1 0
github.com/tkeel-io/collectjs/utils.go:42.20,43.27 1 1
github.com/tkeel-io/collectjs/utils.go:44.20,45.27 1 0
github.com/tkeel-io/collectjs/utils.go:46.18,47.27 1 1
github.com/tkeel-io/collectjs/utils.go:48.10,49.29 1 0
